TpTrace Verbose: 0 : 16616, 1, 2023/12/15, 09:03:24.654, 6805593741, vstest.console.dll, Version: 17.8.0-release-23523-03 Current process architecture: X64
TpTrace Verbose: 0 : 16616, 1, 2023/12/15, 09:03:24.660, 6805649335, vstest.console.dll, Runtime location: C:\Program Files\dotnet\shared\Microsoft.NETCore.App\8.0.0
TpTrace Verbose: 0 : 16616, 1, 2023/12/15, 09:03:24.667, 6805716056, vstest.console.dll, ArtifactProcessingPostProcessModeProcessorExecutor.Initialize: ArtifactProcessingMode.Collect
TpTrace Verbose: 0 : 16616, 1, 2023/12/15, 09:03:24.667, 6805718335, vstest.console.dll, TestSessionCorrelationIdProcessorModeProcessorExecutor.Initialize: TestSessionCorrelationId '15532_af86c1a8-20e6-4f93-a89e-1e80a9a1ea5b'
TpTrace Information: 0 : 16616, 1, 2023/12/15, 09:03:24.680, 6805853854, vstest.console.dll, FilePatternParser: The given file C:\Users\Admin\source\repos\Лаба 6\TestLab6\bin\Debug\net8.0\fine-code-coverage\build-output\TestLab6.dll is a full path.
TpTrace Verbose: 0 : 16616, 1, 2023/12/15, 09:03:24.697, 6806022445, vstest.console.dll, TestPluginCache.DiscoverTestExtensions: finding test extensions in assemblies ends with: RuntimeProvider.dll TPluginInfo: Microsoft.VisualStudio.TestPlatform.Common.ExtensionFramework.Utilities.TestRuntimePluginInformation TExtension: Microsoft.VisualStudio.TestPlatform.ObjectModel.Host.ITestRuntimeProvider
TpTrace Verbose: 0 : 16616, 1, 2023/12/15, 09:03:24.702, 6806065459, vstest.console.dll, TestPluginCache.GetExtensionPaths: Filtered extension paths: 
TpTrace Verbose: 0 : 16616, 1, 2023/12/15, 09:03:24.702, 6806067361, vstest.console.dll, TestPluginCache.GetExtensionPaths: Added default extension paths: C:\Program Files\dotnet\sdk\8.0.100\Extensions\Microsoft.Diagnostics.NETCore.Client.dll
C:\Program Files\dotnet\sdk\8.0.100\Extensions\Microsoft.TestPlatform.Extensions.BlameDataCollector.dll
C:\Program Files\dotnet\sdk\8.0.100\Extensions\Microsoft.TestPlatform.Extensions.EventLogCollector.dll
C:\Program Files\dotnet\sdk\8.0.100\Extensions\Microsoft.TestPlatform.TestHostRuntimeProvider.dll
C:\Program Files\dotnet\sdk\8.0.100\Extensions\Microsoft.VisualStudio.TestPlatform.Extensions.Html.TestLogger.dll
C:\Program Files\dotnet\sdk\8.0.100\Extensions\Microsoft.VisualStudio.TestPlatform.Extensions.Trx.TestLogger.dll
TpTrace Verbose: 0 : 16616, 1, 2023/12/15, 09:03:24.702, 6806067982, vstest.console.dll, TestPluginCache.GetExtensionPaths: Added unfilterableExtensionPaths: 
TpTrace Information: 0 : 16616, 1, 2023/12/15, 09:03:24.703, 6806079433, vstest.console.dll, AssemblyResolver.ctor: Creating AssemblyResolver with searchDirectories C:\Program Files\dotnet\sdk\8.0.100\Extensions,C:\Program Files\dotnet\sdk\8.0.100
TpTrace Verbose: 0 : 16616, 1, 2023/12/15, 09:03:24.705, 6806096242, vstest.console.dll, TestPluginCache.DiscoverTestExtensions: Discovering the extensions using extension path.
TpTrace Verbose: 0 : 16616, 1, 2023/12/15, 09:03:24.705, 6806098454, vstest.console.dll, TestPluginCache.GetExtensionPaths: Filtered extension paths: 
TpTrace Verbose: 0 : 16616, 1, 2023/12/15, 09:03:24.705, 6806099058, vstest.console.dll, TestPluginCache.GetExtensionPaths: Added default extension paths: C:\Program Files\dotnet\sdk\8.0.100\Extensions\Microsoft.Diagnostics.NETCore.Client.dll
C:\Program Files\dotnet\sdk\8.0.100\Extensions\Microsoft.TestPlatform.Extensions.BlameDataCollector.dll
C:\Program Files\dotnet\sdk\8.0.100\Extensions\Microsoft.TestPlatform.Extensions.EventLogCollector.dll
C:\Program Files\dotnet\sdk\8.0.100\Extensions\Microsoft.TestPlatform.TestHostRuntimeProvider.dll
C:\Program Files\dotnet\sdk\8.0.100\Extensions\Microsoft.VisualStudio.TestPlatform.Extensions.Html.TestLogger.dll
C:\Program Files\dotnet\sdk\8.0.100\Extensions\Microsoft.VisualStudio.TestPlatform.Extensions.Trx.TestLogger.dll
TpTrace Verbose: 0 : 16616, 1, 2023/12/15, 09:03:24.705, 6806099625, vstest.console.dll, TestPluginCache.GetExtensionPaths: Added unfilterableExtensionPaths: 
TpTrace Verbose: 0 : 16616, 1, 2023/12/15, 09:03:24.705, 6806100541, vstest.console.dll, TestPluginCache.DiscoverTestExtensions: Discovering the extensions using allExtensionPaths: C:\Program Files\dotnet\sdk\8.0.100\Extensions\Microsoft.Diagnostics.NETCore.Client.dll
C:\Program Files\dotnet\sdk\8.0.100\Extensions\Microsoft.TestPlatform.Extensions.BlameDataCollector.dll
C:\Program Files\dotnet\sdk\8.0.100\Extensions\Microsoft.TestPlatform.Extensions.EventLogCollector.dll
C:\Program Files\dotnet\sdk\8.0.100\Extensions\Microsoft.TestPlatform.TestHostRuntimeProvider.dll
C:\Program Files\dotnet\sdk\8.0.100\Extensions\Microsoft.VisualStudio.TestPlatform.Extensions.Html.TestLogger.dll
C:\Program Files\dotnet\sdk\8.0.100\Extensions\Microsoft.VisualStudio.TestPlatform.Extensions.Trx.TestLogger.dll
TpTrace Information: 0 : 16616, 1, 2023/12/15, 09:03:24.705, 6806103164, vstest.console.dll, AssemblyResolver.AddSearchDirectories: Adding more searchDirectories C:\Program Files\dotnet\sdk\8.0.100\Extensions,C:\Program Files\dotnet\sdk\8.0.100
TpTrace Information: 0 : 16616, 1, 2023/12/15, 09:03:24.705, 6806104145, vstest.console.dll, AssemblyResolver.AddSearchDirectories: Adding more searchDirectories C:\Program Files\dotnet\sdk\8.0.100\Extensions,C:\Program Files\dotnet\sdk\8.0.100
TpTrace Information: 0 : 16616, 1, 2023/12/15, 09:03:24.706, 6806104659, vstest.console.dll, AssemblyResolver.AddSearchDirectories: Adding more searchDirectories C:\Program Files\dotnet\sdk\8.0.100\Extensions,C:\Program Files\dotnet\sdk\8.0.100
TpTrace Information: 0 : 16616, 1, 2023/12/15, 09:03:24.706, 6806105167, vstest.console.dll, AssemblyResolver.AddSearchDirectories: Adding more searchDirectories C:\Program Files\dotnet\sdk\8.0.100\Extensions,C:\Program Files\dotnet\sdk\8.0.100
TpTrace Information: 0 : 16616, 1, 2023/12/15, 09:03:24.706, 6806105629, vstest.console.dll, AssemblyResolver.AddSearchDirectories: Adding more searchDirectories C:\Program Files\dotnet\sdk\8.0.100\Extensions,C:\Program Files\dotnet\sdk\8.0.100
TpTrace Information: 0 : 16616, 1, 2023/12/15, 09:03:24.706, 6806106075, vstest.console.dll, AssemblyResolver.AddSearchDirectories: Adding more searchDirectories C:\Program Files\dotnet\sdk\8.0.100\Extensions,C:\Program Files\dotnet\sdk\8.0.100
TpTrace Information: 0 : 16616, 1, 2023/12/15, 09:03:24.706, 6806111100, vstest.console.dll, AssemblyResolver.OnResolve: Microsoft.Diagnostics.NETCore.Client: Resolving assembly.
TpTrace Information: 0 : 16616, 1, 2023/12/15, 09:03:24.706, 6806112513, vstest.console.dll, AssemblyResolver.OnResolve: Microsoft.Diagnostics.NETCore.Client: Searching in: 'C:\Program Files\dotnet\sdk\8.0.100\Extensions'.
TpTrace Information: 0 : 16616, 1, 2023/12/15, 09:03:24.719, 6806240057, vstest.console.dll, AssemblyResolver.OnResolve: Microsoft.Diagnostics.NETCore.Client: Loading assembly 'C:\Program Files\dotnet\sdk\8.0.100\Extensions\Microsoft.Diagnostics.NETCore.Client.dll'.
TpTrace Information: 0 : 16616, 1, 2023/12/15, 09:03:24.722, 6806272038, vstest.console.dll, AssemblyResolver.OnResolve: Resolved assembly: Microsoft.Diagnostics.NETCore.Client, from path: C:\Program Files\dotnet\sdk\8.0.100\Extensions\Microsoft.Diagnostics.NETCore.Client.dll
TpTrace Verbose: 0 : 16616, 1, 2023/12/15, 09:03:24.729, 6806340661, vstest.console.dll, MetadataReaderExtensionsHelper: Discovering extensions inside assembly 'Microsoft.Diagnostics.NETCore.Client, Version=0.2.8.21101, Culture=neutral, PublicKeyToken=31bf3856ad364e35' file path 'C:\Program Files\dotnet\sdk\8.0.100\Extensions\Microsoft.Diagnostics.NETCore.Client.dll'
TpTrace Information: 0 : 16616, 1, 2023/12/15, 09:03:24.737, 6806420902, vstest.console.dll, AssemblyResolver.OnResolve: Microsoft.Bcl.AsyncInterfaces: Resolving assembly.
TpTrace Information: 0 : 16616, 1, 2023/12/15, 09:03:24.737, 6806422645, vstest.console.dll, AssemblyResolver.OnResolve: Microsoft.Bcl.AsyncInterfaces: Searching in: 'C:\Program Files\dotnet\sdk\8.0.100\Extensions'.
TpTrace Information: 0 : 16616, 1, 2023/12/15, 09:03:24.738, 6806424722, vstest.console.dll, AssemblyResolver.OnResolve: Microsoft.Bcl.AsyncInterfaces: Assembly path does not exist: 'C:\Program Files\dotnet\sdk\8.0.100\Extensions\Microsoft.Bcl.AsyncInterfaces.dll', returning.
TpTrace Information: 0 : 16616, 1, 2023/12/15, 09:03:24.738, 6806427255, vstest.console.dll, AssemblyResolver.OnResolve: Microsoft.Bcl.AsyncInterfaces: Assembly path does not exist: 'C:\Program Files\dotnet\sdk\8.0.100\Extensions\Microsoft.Bcl.AsyncInterfaces.exe', returning.
TpTrace Information: 0 : 16616, 1, 2023/12/15, 09:03:24.738, 6806428004, vstest.console.dll, AssemblyResolver.OnResolve: Microsoft.Bcl.AsyncInterfaces: Searching in: 'C:\Program Files\dotnet\sdk\8.0.100'.
TpTrace Information: 0 : 16616, 1, 2023/12/15, 09:03:24.738, 6806432812, vstest.console.dll, AssemblyResolver.OnResolve: Microsoft.Bcl.AsyncInterfaces: Assembly path does not exist: 'C:\Program Files\dotnet\sdk\8.0.100\Microsoft.Bcl.AsyncInterfaces.dll', returning.
TpTrace Information: 0 : 16616, 1, 2023/12/15, 09:03:24.739, 6806434521, vstest.console.dll, AssemblyResolver.OnResolve: Microsoft.Bcl.AsyncInterfaces: Assembly path does not exist: 'C:\Program Files\dotnet\sdk\8.0.100\Microsoft.Bcl.AsyncInterfaces.exe', returning.
TpTrace Information: 0 : 16616, 1, 2023/12/15, 09:03:24.739, 6806435202, vstest.console.dll, AssemblyResolver.OnResolve: Microsoft.Bcl.AsyncInterfaces: Failed to load assembly.
TpTrace Verbose: 0 : 16616, 1, 2023/12/15, 09:03:24.739, 6806435813, vstest.console.dll, CurrentDomainAssemblyResolve: Resolving assembly 'Microsoft.Bcl.AsyncInterfaces'.
TpTrace Information: 0 : 16616, 1, 2023/12/15, 09:03:24.739, 6806437008, vstest.console.dll, AssemblyResolver.OnResolve: Microsoft.Bcl.AsyncInterfaces: Resolving assembly.
TpTrace Information: 0 : 16616, 1, 2023/12/15, 09:03:24.739, 6806437663, vstest.console.dll, AssemblyResolver.OnResolve: Microsoft.Bcl.AsyncInterfaces: Resolved from cache.
TpTrace Verbose: 0 : 16616, 1, 2023/12/15, 09:03:24.739, 6806438097, vstest.console.dll, CurrentDomainAssemblyResolve: Resolving assembly 'Microsoft.Bcl.AsyncInterfaces'.
TpTrace Verbose: 0 : 16616, 1, 2023/12/15, 09:03:24.739, 6806438729, vstest.console.dll, CurrentDomainAssemblyResolve: Failed to resolve assembly 'Microsoft.Bcl.AsyncInterfaces'.
TpTrace Verbose: 0 : 16616, 1, 2023/12/15, 09:03:24.744, 6806491210, vstest.console.dll, CurrentDomainAssemblyResolve: Failed to resolve assembly 'Microsoft.Bcl.AsyncInterfaces'.
TpTrace Warning: 0 : 16616, 1, 2023/12/15, 09:03:24.773, 6806779672, vstest.console.dll, TestPluginDiscoverer: Failed to get types from assembly 'Microsoft.Diagnostics.NETCore.Client, Version=0.2.8.21101, Culture=neutral, PublicKeyToken=31bf3856ad364e35'. Error: System.Reflection.ReflectionTypeLoadException: Unable to load one or more of the requested types.
Could not load file or assembly 'Microsoft.Bcl.AsyncInterfaces, Version=1.0.0.0, Culture=neutral, PublicKeyToken=cc7b13ffcd2ddd51'. Не удается найти указанный файл.
   at System.Reflection.RuntimeModule.GetTypes(RuntimeModule module)
   at System.Reflection.RuntimeModule.GetTypes()
   at Microsoft.VisualStudio.TestPlatform.Common.ExtensionFramework.TestPluginDiscoverer.GetTestExtensionsFromAssembly[TPluginInfo,TExtension](Assembly assembly, Dictionary`2 pluginInfos, String filePath) in /_/src/Microsoft.TestPlatform.Common/ExtensionFramework/TestPluginDiscoverer.cs:line 158
System.IO.FileNotFoundException: Could not load file or assembly 'Microsoft.Bcl.AsyncInterfaces, Version=1.0.0.0, Culture=neutral, PublicKeyToken=cc7b13ffcd2ddd51'. Не удается найти указанный файл.
File name: 'Microsoft.Bcl.AsyncInterfaces, Version=1.0.0.0, Culture=neutral, PublicKeyToken=cc7b13ffcd2ddd51'
 ---> System.IO.FileNotFoundException: Could not load file or assembly 'Microsoft.Bcl.AsyncInterfaces, Culture=neutral, PublicKeyToken=null'. Не удается найти указанный файл.
File name: 'Microsoft.Bcl.AsyncInterfaces, Culture=neutral, PublicKeyToken=null'
   at System.Reflection.RuntimeAssembly.InternalLoad(AssemblyName assemblyName, StackCrawlMark& stackMark, AssemblyLoadContext assemblyLoadContext, RuntimeAssembly requestingAssembly, Boolean throwOnFileNotFound)
   at System.Reflection.Assembly.Load(AssemblyName assemblyRef)
   at Microsoft.VisualStudio.TestPlatform.Common.ExtensionFramework.TestPluginCache.CurrentDomainAssemblyResolve(Object sender, AssemblyResolveEventArgs args) in /_/src/Microsoft.TestPlatform.Common/ExtensionFramework/TestPluginCache.cs:line 513
   at System.Runtime.Loader.AssemblyLoadContext.GetFirstResolvedAssemblyFromResolvingEvent(AssemblyName assemblyName)
   at System.Runtime.Loader.AssemblyLoadContext.ResolveUsingEvent(AssemblyName assemblyName)
   at System.Runtime.Loader.AssemblyLoadContext.ResolveUsingResolvingEvent(IntPtr gchManagedAssemblyLoadContext, AssemblyName assemblyName)
TpTrace Warning: 0 : 16616, 1, 2023/12/15, 09:03:24.774, 6806784722, vstest.console.dll, LoaderExceptions: System.IO.FileNotFoundException: Could not load file or assembly 'Microsoft.Bcl.AsyncInterfaces, Version=1.0.0.0, Culture=neutral, PublicKeyToken=cc7b13ffcd2ddd51'. Не удается найти указанный файл.
File name: 'Microsoft.Bcl.AsyncInterfaces, Version=1.0.0.0, Culture=neutral, PublicKeyToken=cc7b13ffcd2ddd51'
 ---> System.IO.FileNotFoundException: Could not load file or assembly 'Microsoft.Bcl.AsyncInterfaces, Culture=neutral, PublicKeyToken=null'. Не удается найти указанный файл.
File name: 'Microsoft.Bcl.AsyncInterfaces, Culture=neutral, PublicKeyToken=null'
   at System.Reflection.RuntimeAssembly.InternalLoad(AssemblyName assemblyName, StackCrawlMark& stackMark, AssemblyLoadContext assemblyLoadContext, RuntimeAssembly requestingAssembly, Boolean throwOnFileNotFound)
   at System.Reflection.Assembly.Load(AssemblyName assemblyRef)
   at Microsoft.VisualStudio.TestPlatform.Common.ExtensionFramework.TestPluginCache.CurrentDomainAssemblyResolve(Object sender, AssemblyResolveEventArgs args) in /_/src/Microsoft.TestPlatform.Common/ExtensionFramework/TestPluginCache.cs:line 513
   at System.Runtime.Loader.AssemblyLoadContext.GetFirstResolvedAssemblyFromResolvingEvent(AssemblyName assemblyName)
   at System.Runtime.Loader.AssemblyLoadContext.ResolveUsingEvent(AssemblyName assemblyName)
   at System.Runtime.Loader.AssemblyLoadContext.ResolveUsingResolvingEvent(IntPtr gchManagedAssemblyLoadContext, AssemblyName assemblyName)
TpTrace Information: 0 : 16616, 1, 2023/12/15, 09:03:24.774, 6806786774, vstest.console.dll, AssemblyResolver.OnResolve: Microsoft.TestPlatform.Extensions.BlameDataCollector: Resolving assembly.
TpTrace Information: 0 : 16616, 1, 2023/12/15, 09:03:24.774, 6806787589, vstest.console.dll, AssemblyResolver.OnResolve: Microsoft.TestPlatform.Extensions.BlameDataCollector: Searching in: 'C:\Program Files\dotnet\sdk\8.0.100\Extensions'.
TpTrace Information: 0 : 16616, 1, 2023/12/15, 09:03:24.776, 6806805458, vstest.console.dll, AssemblyResolver.OnResolve: Microsoft.TestPlatform.Extensions.BlameDataCollector: Loading assembly 'C:\Program Files\dotnet\sdk\8.0.100\Extensions\Microsoft.TestPlatform.Extensions.BlameDataCollector.dll'.
TpTrace Information: 0 : 16616, 1, 2023/12/15, 09:03:24.778, 6806827722, vstest.console.dll, AssemblyResolver.OnResolve: Resolved assembly: Microsoft.TestPlatform.Extensions.BlameDataCollector, from path: C:\Program Files\dotnet\sdk\8.0.100\Extensions\Microsoft.TestPlatform.Extensions.BlameDataCollector.dll
TpTrace Verbose: 0 : 16616, 1, 2023/12/15, 09:03:24.778, 6806829476, vstest.console.dll, MetadataReaderExtensionsHelper: Discovering extensions inside assembly 'Microsoft.TestPlatform.Extensions.BlameDataCollector, Version=15.0.0.0, Culture=neutral, PublicKeyToken=b03f5f7f11d50a3a' file path 'C:\Program Files\dotnet\sdk\8.0.100\Extensions\Microsoft.TestPlatform.Extensions.BlameDataCollector.dll'
TpTrace Information: 0 : 16616, 1, 2023/12/15, 09:03:24.782, 6806864568, vstest.console.dll, AssemblyResolver.OnResolve: Microsoft.TestPlatform.Extensions.EventLogCollector: Resolving assembly.
TpTrace Information: 0 : 16616, 1, 2023/12/15, 09:03:24.782, 6806866344, vstest.console.dll, AssemblyResolver.OnResolve: Microsoft.TestPlatform.Extensions.EventLogCollector: Searching in: 'C:\Program Files\dotnet\sdk\8.0.100\Extensions'.
TpTrace Information: 0 : 16616, 1, 2023/12/15, 09:03:24.784, 6806885417, vstest.console.dll, AssemblyResolver.OnResolve: Microsoft.TestPlatform.Extensions.EventLogCollector: Loading assembly 'C:\Program Files\dotnet\sdk\8.0.100\Extensions\Microsoft.TestPlatform.Extensions.EventLogCollector.dll'.
TpTrace Information: 0 : 16616, 1, 2023/12/15, 09:03:24.786, 6806907787, vstest.console.dll, AssemblyResolver.OnResolve: Resolved assembly: Microsoft.TestPlatform.Extensions.EventLogCollector, from path: C:\Program Files\dotnet\sdk\8.0.100\Extensions\Microsoft.TestPlatform.Extensions.EventLogCollector.dll
TpTrace Verbose: 0 : 16616, 1, 2023/12/15, 09:03:24.786, 6806909906, vstest.console.dll, MetadataReaderExtensionsHelper: Discovering extensions inside assembly 'Microsoft.TestPlatform.Extensions.EventLogCollector, Version=15.0.0.0, Culture=neutral, PublicKeyToken=b03f5f7f11d50a3a' file path 'C:\Program Files\dotnet\sdk\8.0.100\Extensions\Microsoft.TestPlatform.Extensions.EventLogCollector.dll'
TpTrace Information: 0 : 16616, 1, 2023/12/15, 09:03:24.794, 6806988004, vstest.console.dll, AssemblyResolver.OnResolve: Microsoft.TestPlatform.TestHostRuntimeProvider: Resolving assembly.
TpTrace Information: 0 : 16616, 1, 2023/12/15, 09:03:24.794, 6806989521, vstest.console.dll, AssemblyResolver.OnResolve: Microsoft.TestPlatform.TestHostRuntimeProvider: Searching in: 'C:\Program Files\dotnet\sdk\8.0.100\Extensions'.
TpTrace Information: 0 : 16616, 1, 2023/12/15, 09:03:24.796, 6807009862, vstest.console.dll, AssemblyResolver.OnResolve: Microsoft.TestPlatform.TestHostRuntimeProvider: Loading assembly 'C:\Program Files\dotnet\sdk\8.0.100\Extensions\Microsoft.TestPlatform.TestHostRuntimeProvider.dll'.
TpTrace Information: 0 : 16616, 1, 2023/12/15, 09:03:24.798, 6807032208, vstest.console.dll, AssemblyResolver.OnResolve: Resolved assembly: Microsoft.TestPlatform.TestHostRuntimeProvider, from path: C:\Program Files\dotnet\sdk\8.0.100\Extensions\Microsoft.TestPlatform.TestHostRuntimeProvider.dll
TpTrace Verbose: 0 : 16616, 1, 2023/12/15, 09:03:24.798, 6807033759, vstest.console.dll, MetadataReaderExtensionsHelper: Discovering extensions inside assembly 'Microsoft.TestPlatform.TestHostRuntimeProvider, Version=15.0.0.0, Culture=neutral, PublicKeyToken=b03f5f7f11d50a3a' file path 'C:\Program Files\dotnet\sdk\8.0.100\Extensions\Microsoft.TestPlatform.TestHostRuntimeProvider.dll'
TpTrace Information: 0 : 16616, 1, 2023/12/15, 09:03:24.802, 6807065449, vstest.console.dll, GetTestExtensionFromType: Register extension with identifier data 'HostProvider://DefaultTestHost' and type 'Microsoft.VisualStudio.TestPlatform.CrossPlatEngine.Hosting.DefaultTestHostManager, Microsoft.TestPlatform.TestHostRuntimeProvider, Version=15.0.0.0, Culture=neutral, PublicKeyToken=b03f5f7f11d50a3a' inside file 'C:\Program Files\dotnet\sdk\8.0.100\Extensions\Microsoft.TestPlatform.TestHostRuntimeProvider.dll'
TpTrace Information: 0 : 16616, 1, 2023/12/15, 09:03:24.802, 6807069884, vstest.console.dll, GetTestExtensionFromType: Register extension with identifier data 'HostProvider://DotnetTestHost' and type 'Microsoft.VisualStudio.TestPlatform.CrossPlatEngine.Hosting.DotnetTestHostManager, Microsoft.TestPlatform.TestHostRuntimeProvider, Version=15.0.0.0, Culture=neutral, PublicKeyToken=b03f5f7f11d50a3a' inside file 'C:\Program Files\dotnet\sdk\8.0.100\Extensions\Microsoft.TestPlatform.TestHostRuntimeProvider.dll'
TpTrace Information: 0 : 16616, 1, 2023/12/15, 09:03:24.802, 6807071213, vstest.console.dll, AssemblyResolver.OnResolve: Microsoft.VisualStudio.TestPlatform.Extensions.Html.TestLogger: Resolving assembly.
TpTrace Information: 0 : 16616, 1, 2023/12/15, 09:03:24.802, 6807071933, vstest.console.dll, AssemblyResolver.OnResolve: Microsoft.VisualStudio.TestPlatform.Extensions.Html.TestLogger: Searching in: 'C:\Program Files\dotnet\sdk\8.0.100\Extensions'.
TpTrace Information: 0 : 16616, 1, 2023/12/15, 09:03:24.804, 6807090663, vstest.console.dll, AssemblyResolver.OnResolve: Microsoft.VisualStudio.TestPlatform.Extensions.Html.TestLogger: Loading assembly 'C:\Program Files\dotnet\sdk\8.0.100\Extensions\Microsoft.VisualStudio.TestPlatform.Extensions.Html.TestLogger.dll'.
TpTrace Information: 0 : 16616, 1, 2023/12/15, 09:03:24.806, 6807108031, vstest.console.dll, AssemblyResolver.OnResolve: Resolved assembly: Microsoft.VisualStudio.TestPlatform.Extensions.Html.TestLogger, from path: C:\Program Files\dotnet\sdk\8.0.100\Extensions\Microsoft.VisualStudio.TestPlatform.Extensions.Html.TestLogger.dll
TpTrace Verbose: 0 : 16616, 1, 2023/12/15, 09:03:24.806, 6807109520, vstest.console.dll, MetadataReaderExtensionsHelper: Discovering extensions inside assembly 'Microsoft.VisualStudio.TestPlatform.Extensions.Html.TestLogger, Version=15.0.0.0, Culture=neutral, PublicKeyToken=b03f5f7f11d50a3a' file path 'C:\Program Files\dotnet\sdk\8.0.100\Extensions\Microsoft.VisualStudio.TestPlatform.Extensions.Html.TestLogger.dll'
TpTrace Information: 0 : 16616, 1, 2023/12/15, 09:03:24.808, 6807128008, vstest.console.dll, AssemblyResolver.OnResolve: Microsoft.VisualStudio.TestPlatform.Extensions.Trx.TestLogger: Resolving assembly.
TpTrace Information: 0 : 16616, 1, 2023/12/15, 09:03:24.808, 6807129463, vstest.console.dll, AssemblyResolver.OnResolve: Microsoft.VisualStudio.TestPlatform.Extensions.Trx.TestLogger: Searching in: 'C:\Program Files\dotnet\sdk\8.0.100\Extensions'.
TpTrace Information: 0 : 16616, 1, 2023/12/15, 09:03:24.810, 6807148316, vstest.console.dll, AssemblyResolver.OnResolve: Microsoft.VisualStudio.TestPlatform.Extensions.Trx.TestLogger: Loading assembly 'C:\Program Files\dotnet\sdk\8.0.100\Extensions\Microsoft.VisualStudio.TestPlatform.Extensions.Trx.TestLogger.dll'.
TpTrace Information: 0 : 16616, 1, 2023/12/15, 09:03:24.813, 6807182384, vstest.console.dll, AssemblyResolver.OnResolve: Resolved assembly: Microsoft.VisualStudio.TestPlatform.Extensions.Trx.TestLogger, from path: C:\Program Files\dotnet\sdk\8.0.100\Extensions\Microsoft.VisualStudio.TestPlatform.Extensions.Trx.TestLogger.dll
TpTrace Verbose: 0 : 16616, 1, 2023/12/15, 09:03:24.813, 6807184103, vstest.console.dll, MetadataReaderExtensionsHelper: Discovering extensions inside assembly 'Microsoft.VisualStudio.TestPlatform.Extensions.Trx.TestLogger, Version=15.0.0.0, Culture=neutral, PublicKeyToken=b03f5f7f11d50a3a' file path 'C:\Program Files\dotnet\sdk\8.0.100\Extensions\Microsoft.VisualStudio.TestPlatform.Extensions.Trx.TestLogger.dll'
TpTrace Verbose: 0 : 16616, 1, 2023/12/15, 09:03:24.816, 6807207950, vstest.console.dll, TestPluginCache: Discovered the extensions using extension path ''.
TpTrace Verbose: 0 : 16616, 1, 2023/12/15, 09:03:24.816, 6807209323, vstest.console.dll, TestPluginCache: Discoverers are ''.
TpTrace Verbose: 0 : 16616, 1, 2023/12/15, 09:03:24.816, 6807209775, vstest.console.dll, TestPluginCache: Executors are ''.
TpTrace Verbose: 0 : 16616, 1, 2023/12/15, 09:03:24.816, 6807210178, vstest.console.dll, TestPluginCache: Executors2 are ''.
TpTrace Verbose: 0 : 16616, 1, 2023/12/15, 09:03:24.816, 6807210572, vstest.console.dll, TestPluginCache: Setting providers are ''.
TpTrace Verbose: 0 : 16616, 1, 2023/12/15, 09:03:24.816, 6807210963, vstest.console.dll, TestPluginCache: Loggers are ''.
TpTrace Verbose: 0 : 16616, 1, 2023/12/15, 09:03:24.816, 6807213508, vstest.console.dll, TestPluginCache: TestHosts are 'HostProvider://DefaultTestHost,HostProvider://DotnetTestHost'.
TpTrace Verbose: 0 : 16616, 1, 2023/12/15, 09:03:24.816, 6807214201, vstest.console.dll, TestPluginCache: DataCollectors are ''.
TpTrace Information: 0 : 16616, 1, 2023/12/15, 09:03:24.853, 6807575046, vstest.console.dll, RunTestsArgumentProcessor:Execute: Test run is starting.
TpTrace Verbose: 0 : 16616, 1, 2023/12/15, 09:03:24.853, 6807576521, vstest.console.dll, RunTestsArgumentProcessor:Execute: Queuing Test run.
TpTrace Information: 0 : 16616, 1, 2023/12/15, 09:03:24.853, 6807581798, vstest.console.dll, TestRequestManager.RunTests: run tests started.
TpTrace Information: 0 : 16616, 1, 2023/12/15, 09:03:24.855, 6807603202, vstest.console.dll, AssemblyMetadataProvider.GetFrameworkName: Determined framework:'.NETCoreApp,Version=v8.0' for source: 'C:\Users\Admin\source\repos\Лаба 6\TestLab6\bin\Debug\net8.0\fine-code-coverage\build-output\TestLab6.dll'
TpTrace Information: 0 : 16616, 1, 2023/12/15, 09:03:24.856, 6807606606, vstest.console.dll, Determined framework for all sources: .NETCoreApp,Version=v8.0
TpTrace Verbose: 0 : 16616, 1, 2023/12/15, 09:03:24.856, 6807612876, vstest.console.dll, TestRequestManager.UpdateRunSettingsIfRequired: Default architecture: X64 IsDefaultTargetArchitecture: True, Current process architecture: X64 OperatingSystem: Windows.
TpTrace Information: 0 : 16616, 1, 2023/12/15, 09:03:24.859, 6807640723, vstest.console.dll, AssemblyMetadataProvider.GetArchitecture: Determined architecture:AnyCPU info for assembly: C:\Users\Admin\source\repos\Лаба 6\TestLab6\bin\Debug\net8.0\fine-code-coverage\build-output\TestLab6.dll
TpTrace Information: 0 : 16616, 1, 2023/12/15, 09:03:24.859, 6807641996, vstest.console.dll, Determined platform for source 'C:\Users\Admin\source\repos\Лаба 6\TestLab6\bin\Debug\net8.0\fine-code-coverage\build-output\TestLab6.dll' was AnyCPU and it will use the default plaform X64.
TpTrace Information: 0 : 16616, 1, 2023/12/15, 09:03:24.859, 6807642464, vstest.console.dll, None of the sources provided any runnable platform, using the default platform: X64
TpTrace Information: 0 : 16616, 1, 2023/12/15, 09:03:24.859, 6807643958, vstest.console.dll, Platform was updated to 'X64'.
TpTrace Information: 0 : 16616, 1, 2023/12/15, 09:03:24.867, 6807718257, vstest.console.dll, InferRunSettingsHelper.IsTestSettingsEnabled: Unable to navigate to RunSettings/MSTest. Current node: RunSettings
TpTrace Information: 0 : 16616, 1, 2023/12/15, 09:03:24.868, 6807727863, vstest.console.dll, AssemblyResolver.OnResolve: Microsoft.VisualStudio.TestPlatform.Fakes: Resolving assembly.
TpTrace Information: 0 : 16616, 1, 2023/12/15, 09:03:24.868, 6807729529, vstest.console.dll, AssemblyResolver.OnResolve: Microsoft.VisualStudio.TestPlatform.Fakes: Searching in: 'C:\Program Files\dotnet\sdk\8.0.100\Extensions'.
TpTrace Information: 0 : 16616, 1, 2023/12/15, 09:03:24.868, 6807731206, vstest.console.dll, AssemblyResolver.OnResolve: Microsoft.VisualStudio.TestPlatform.Fakes: Assembly path does not exist: 'C:\Program Files\dotnet\sdk\8.0.100\Extensions\Microsoft.VisualStudio.TestPlatform.Fakes.dll', returning.
TpTrace Information: 0 : 16616, 1, 2023/12/15, 09:03:24.868, 6807732510, vstest.console.dll, AssemblyResolver.OnResolve: Microsoft.VisualStudio.TestPlatform.Fakes: Assembly path does not exist: 'C:\Program Files\dotnet\sdk\8.0.100\Extensions\Microsoft.VisualStudio.TestPlatform.Fakes.exe', returning.
TpTrace Information: 0 : 16616, 1, 2023/12/15, 09:03:24.868, 6807733047, vstest.console.dll, AssemblyResolver.OnResolve: Microsoft.VisualStudio.TestPlatform.Fakes: Searching in: 'C:\Program Files\dotnet\sdk\8.0.100'.
TpTrace Information: 0 : 16616, 1, 2023/12/15, 09:03:24.869, 6807734476, vstest.console.dll, AssemblyResolver.OnResolve: Microsoft.VisualStudio.TestPlatform.Fakes: Assembly path does not exist: 'C:\Program Files\dotnet\sdk\8.0.100\Microsoft.VisualStudio.TestPlatform.Fakes.dll', returning.
TpTrace Information: 0 : 16616, 1, 2023/12/15, 09:03:24.869, 6807735762, vstest.console.dll, AssemblyResolver.OnResolve: Microsoft.VisualStudio.TestPlatform.Fakes: Assembly path does not exist: 'C:\Program Files\dotnet\sdk\8.0.100\Microsoft.VisualStudio.TestPlatform.Fakes.exe', returning.
TpTrace Information: 0 : 16616, 1, 2023/12/15, 09:03:24.869, 6807736287, vstest.console.dll, AssemblyResolver.OnResolve: Microsoft.VisualStudio.TestPlatform.Fakes: Failed to load assembly.
TpTrace Information: 0 : 16616, 1, 2023/12/15, 09:03:24.869, 6807740356, vstest.console.dll, Failed to load assembly Microsoft.VisualStudio.TestPlatform.Fakes, Version=17.0.0.0, Culture=neutral. Reason:System.IO.FileNotFoundException: Could not load file or assembly 'Microsoft.VisualStudio.TestPlatform.Fakes, Version=17.0.0.0, Culture=neutral, PublicKeyToken=null'. Не удается найти указанный файл.
File name: 'Microsoft.VisualStudio.TestPlatform.Fakes, Version=17.0.0.0, Culture=neutral, PublicKeyToken=null'
   at System.Reflection.RuntimeAssembly.InternalLoad(AssemblyName assemblyName, StackCrawlMark& stackMark, AssemblyLoadContext assemblyLoadContext, RuntimeAssembly requestingAssembly, Boolean throwOnFileNotFound)
   at System.Reflection.Assembly.Load(AssemblyName assemblyRef)
   at Microsoft.VisualStudio.TestPlatform.Common.Utilities.FakesUtilities.LoadTestPlatformAssembly() in /_/src/Microsoft.TestPlatform.Common/Utilities/FakesUtilities.cs:line 272
TpTrace Verbose: 0 : 16616, 1, 2023/12/15, 09:03:24.876, 6807809969, vstest.console.dll, TestPluginCache.DiscoverTestExtensions: finding test extensions in assemblies ends with: TestLogger.dll TPluginInfo: Microsoft.VisualStudio.TestPlatform.Common.ExtensionFramework.Utilities.TestLoggerPluginInformation TExtension: Microsoft.VisualStudio.TestPlatform.ObjectModel.Client.ITestLogger
TpTrace Verbose: 0 : 16616, 1, 2023/12/15, 09:03:24.876, 6807811571, vstest.console.dll, TestPluginCache.GetExtensionPaths: Filtered extension paths: 
TpTrace Verbose: 0 : 16616, 1, 2023/12/15, 09:03:24.876, 6807812164, vstest.console.dll, TestPluginCache.GetExtensionPaths: Added default extension paths: C:\Program Files\dotnet\sdk\8.0.100\Extensions\Microsoft.Diagnostics.NETCore.Client.dll
C:\Program Files\dotnet\sdk\8.0.100\Extensions\Microsoft.TestPlatform.Extensions.BlameDataCollector.dll
C:\Program Files\dotnet\sdk\8.0.100\Extensions\Microsoft.TestPlatform.Extensions.EventLogCollector.dll
C:\Program Files\dotnet\sdk\8.0.100\Extensions\Microsoft.TestPlatform.TestHostRuntimeProvider.dll
C:\Program Files\dotnet\sdk\8.0.100\Extensions\Microsoft.VisualStudio.TestPlatform.Extensions.Html.TestLogger.dll
C:\Program Files\dotnet\sdk\8.0.100\Extensions\Microsoft.VisualStudio.TestPlatform.Extensions.Trx.TestLogger.dll
TpTrace Verbose: 0 : 16616, 1, 2023/12/15, 09:03:24.876, 6807812633, vstest.console.dll, TestPluginCache.GetExtensionPaths: Added unfilterableExtensionPaths: 
TpTrace Information: 0 : 16616, 1, 2023/12/15, 09:03:24.877, 6807815286, vstest.console.dll, AssemblyResolver.AddSearchDirectories: Adding more searchDirectories C:\Program Files\dotnet\sdk\8.0.100\Extensions,C:\Program Files\dotnet\sdk\8.0.100
TpTrace Verbose: 0 : 16616, 1, 2023/12/15, 09:03:24.877, 6807816020, vstest.console.dll, TestPluginCache.DiscoverTestExtensions: Discovering the extensions using extension path.
TpTrace Verbose: 0 : 16616, 1, 2023/12/15, 09:03:24.877, 6807816563, vstest.console.dll, TestPluginCache.GetExtensionPaths: Filtered extension paths: 
TpTrace Verbose: 0 : 16616, 1, 2023/12/15, 09:03:24.877, 6807817060, vstest.console.dll, TestPluginCache.GetExtensionPaths: Added default extension paths: C:\Program Files\dotnet\sdk\8.0.100\Extensions\Microsoft.Diagnostics.NETCore.Client.dll
C:\Program Files\dotnet\sdk\8.0.100\Extensions\Microsoft.TestPlatform.Extensions.BlameDataCollector.dll
C:\Program Files\dotnet\sdk\8.0.100\Extensions\Microsoft.TestPlatform.Extensions.EventLogCollector.dll
C:\Program Files\dotnet\sdk\8.0.100\Extensions\Microsoft.TestPlatform.TestHostRuntimeProvider.dll
C:\Program Files\dotnet\sdk\8.0.100\Extensions\Microsoft.VisualStudio.TestPlatform.Extensions.Html.TestLogger.dll
C:\Program Files\dotnet\sdk\8.0.100\Extensions\Microsoft.VisualStudio.TestPlatform.Extensions.Trx.TestLogger.dll
TpTrace Verbose: 0 : 16616, 1, 2023/12/15, 09:03:24.877, 6807817546, vstest.console.dll, TestPluginCache.GetExtensionPaths: Added unfilterableExtensionPaths: 
TpTrace Verbose: 0 : 16616, 1, 2023/12/15, 09:03:24.877, 6807818373, vstest.console.dll, TestPluginCache.DiscoverTestExtensions: Discovering the extensions using allExtensionPaths: C:\Program Files\dotnet\sdk\8.0.100\Extensions\Microsoft.Diagnostics.NETCore.Client.dll
C:\Program Files\dotnet\sdk\8.0.100\Extensions\Microsoft.TestPlatform.Extensions.BlameDataCollector.dll
C:\Program Files\dotnet\sdk\8.0.100\Extensions\Microsoft.TestPlatform.Extensions.EventLogCollector.dll
C:\Program Files\dotnet\sdk\8.0.100\Extensions\Microsoft.TestPlatform.TestHostRuntimeProvider.dll
C:\Program Files\dotnet\sdk\8.0.100\Extensions\Microsoft.VisualStudio.TestPlatform.Extensions.Html.TestLogger.dll
C:\Program Files\dotnet\sdk\8.0.100\Extensions\Microsoft.VisualStudio.TestPlatform.Extensions.Trx.TestLogger.dll
TpTrace Information: 0 : 16616, 1, 2023/12/15, 09:03:24.877, 6807820312, vstest.console.dll, AssemblyResolver.AddSearchDirectories: Adding more searchDirectories C:\Program Files\dotnet\sdk\8.0.100\Extensions,C:\Program Files\dotnet\sdk\8.0.100
TpTrace Information: 0 : 16616, 1, 2023/12/15, 09:03:24.877, 6807821175, vstest.console.dll, AssemblyResolver.AddSearchDirectories: Adding more searchDirectories C:\Program Files\dotnet\sdk\8.0.100\Extensions,C:\Program Files\dotnet\sdk\8.0.100
TpTrace Information: 0 : 16616, 1, 2023/12/15, 09:03:24.877, 6807821669, vstest.console.dll, AssemblyResolver.AddSearchDirectories: Adding more searchDirectories C:\Program Files\dotnet\sdk\8.0.100\Extensions,C:\Program Files\dotnet\sdk\8.0.100
TpTrace Information: 0 : 16616, 1, 2023/12/15, 09:03:24.877, 6807822117, vstest.console.dll, AssemblyResolver.AddSearchDirectories: Adding more searchDirectories C:\Program Files\dotnet\sdk\8.0.100\Extensions,C:\Program Files\dotnet\sdk\8.0.100
TpTrace Information: 0 : 16616, 1, 2023/12/15, 09:03:24.877, 6807822556, vstest.console.dll, AssemblyResolver.AddSearchDirectories: Adding more searchDirectories C:\Program Files\dotnet\sdk\8.0.100\Extensions,C:\Program Files\dotnet\sdk\8.0.100
TpTrace Information: 0 : 16616, 1, 2023/12/15, 09:03:24.877, 6807823062, vstest.console.dll, AssemblyResolver.AddSearchDirectories: Adding more searchDirectories C:\Program Files\dotnet\sdk\8.0.100\Extensions,C:\Program Files\dotnet\sdk\8.0.100
TpTrace Verbose: 0 : 16616, 1, 2023/12/15, 09:03:24.878, 6807824709, vstest.console.dll, MetadataReaderExtensionsHelper: Discovering extensions inside assembly 'Microsoft.Diagnostics.NETCore.Client, Version=0.2.8.21101, Culture=neutral, PublicKeyToken=31bf3856ad364e35' file path 'C:\Program Files\dotnet\sdk\8.0.100\Extensions\Microsoft.Diagnostics.NETCore.Client.dll'
TpTrace Information: 0 : 16616, 1, 2023/12/15, 09:03:24.879, 6807838970, vstest.console.dll, AssemblyResolver.OnResolve: Microsoft.Bcl.AsyncInterfaces: Resolving assembly.
TpTrace Information: 0 : 16616, 1, 2023/12/15, 09:03:24.879, 6807840137, vstest.console.dll, AssemblyResolver.OnResolve: Microsoft.Bcl.AsyncInterfaces: Resolved from cache.
TpTrace Verbose: 0 : 16616, 1, 2023/12/15, 09:03:24.879, 6807840618, vstest.console.dll, CurrentDomainAssemblyResolve: Resolving assembly 'Microsoft.Bcl.AsyncInterfaces'.
TpTrace Information: 0 : 16616, 1, 2023/12/15, 09:03:24.879, 6807841326, vstest.console.dll, AssemblyResolver.OnResolve: Microsoft.Bcl.AsyncInterfaces: Resolving assembly.
TpTrace Information: 0 : 16616, 1, 2023/12/15, 09:03:24.879, 6807841791, vstest.console.dll, AssemblyResolver.OnResolve: Microsoft.Bcl.AsyncInterfaces: Resolved from cache.
TpTrace Verbose: 0 : 16616, 1, 2023/12/15, 09:03:24.879, 6807842262, vstest.console.dll, CurrentDomainAssemblyResolve: Resolving assembly 'Microsoft.Bcl.AsyncInterfaces'.
TpTrace Verbose: 0 : 16616, 1, 2023/12/15, 09:03:24.879, 6807842673, vstest.console.dll, CurrentDomainAssemblyResolve: Failed to resolve assembly 'Microsoft.Bcl.AsyncInterfaces'.
TpTrace Verbose: 0 : 16616, 1, 2023/12/15, 09:03:24.880, 6807844773, vstest.console.dll, CurrentDomainAssemblyResolve: Failed to resolve assembly 'Microsoft.Bcl.AsyncInterfaces'.
TpTrace Warning: 0 : 16616, 1, 2023/12/15, 09:03:24.880, 6807849655, vstest.console.dll, TestPluginDiscoverer: Failed to get types from assembly 'Microsoft.Diagnostics.NETCore.Client, Version=0.2.8.21101, Culture=neutral, PublicKeyToken=31bf3856ad364e35'. Error: System.Reflection.ReflectionTypeLoadException: Unable to load one or more of the requested types.
Could not load file or assembly 'Microsoft.Bcl.AsyncInterfaces, Version=1.0.0.0, Culture=neutral, PublicKeyToken=cc7b13ffcd2ddd51'. Не удается найти указанный файл.
   at System.Reflection.RuntimeModule.GetTypes(RuntimeModule module)
   at System.Reflection.RuntimeModule.GetTypes()
   at Microsoft.VisualStudio.TestPlatform.Common.ExtensionFramework.TestPluginDiscoverer.GetTestExtensionsFromAssembly[TPluginInfo,TExtension](Assembly assembly, Dictionary`2 pluginInfos, String filePath) in /_/src/Microsoft.TestPlatform.Common/ExtensionFramework/TestPluginDiscoverer.cs:line 158
System.IO.FileNotFoundException: Could not load file or assembly 'Microsoft.Bcl.AsyncInterfaces, Version=1.0.0.0, Culture=neutral, PublicKeyToken=cc7b13ffcd2ddd51'. Не удается найти указанный файл.
File name: 'Microsoft.Bcl.AsyncInterfaces, Version=1.0.0.0, Culture=neutral, PublicKeyToken=cc7b13ffcd2ddd51'
 ---> System.IO.FileNotFoundException: Could not load file or assembly 'Microsoft.Bcl.AsyncInterfaces, Culture=neutral, PublicKeyToken=null'. Не удается найти указанный файл.
File name: 'Microsoft.Bcl.AsyncInterfaces, Culture=neutral, PublicKeyToken=null'
   at System.Reflection.RuntimeAssembly.InternalLoad(AssemblyName assemblyName, StackCrawlMark& stackMark, AssemblyLoadContext assemblyLoadContext, RuntimeAssembly requestingAssembly, Boolean throwOnFileNotFound)
   at System.Reflection.Assembly.Load(AssemblyName assemblyRef)
   at Microsoft.VisualStudio.TestPlatform.Common.ExtensionFramework.TestPluginCache.CurrentDomainAssemblyResolve(Object sender, AssemblyResolveEventArgs args) in /_/src/Microsoft.TestPlatform.Common/ExtensionFramework/TestPluginCache.cs:line 513
   at System.Runtime.Loader.AssemblyLoadContext.GetFirstResolvedAssemblyFromResolvingEvent(AssemblyName assemblyName)
   at System.Runtime.Loader.AssemblyLoadContext.ResolveUsingEvent(AssemblyName assemblyName)
   at System.Runtime.Loader.AssemblyLoadContext.ResolveUsingResolvingEvent(IntPtr gchManagedAssemblyLoadContext, AssemblyName assemblyName)
TpTrace Warning: 0 : 16616, 1, 2023/12/15, 09:03:24.880, 6807852999, vstest.console.dll, LoaderExceptions: System.IO.FileNotFoundException: Could not load file or assembly 'Microsoft.Bcl.AsyncInterfaces, Version=1.0.0.0, Culture=neutral, PublicKeyToken=cc7b13ffcd2ddd51'. Не удается найти указанный файл.
File name: 'Microsoft.Bcl.AsyncInterfaces, Version=1.0.0.0, Culture=neutral, PublicKeyToken=cc7b13ffcd2ddd51'
 ---> System.IO.FileNotFoundException: Could not load file or assembly 'Microsoft.Bcl.AsyncInterfaces, Culture=neutral, PublicKeyToken=null'. Не удается найти указанный файл.
File name: 'Microsoft.Bcl.AsyncInterfaces, Culture=neutral, PublicKeyToken=null'
   at System.Reflection.RuntimeAssembly.InternalLoad(AssemblyName assemblyName, StackCrawlMark& stackMark, AssemblyLoadContext assemblyLoadContext, RuntimeAssembly requestingAssembly, Boolean throwOnFileNotFound)
   at System.Reflection.Assembly.Load(AssemblyName assemblyRef)
   at Microsoft.VisualStudio.TestPlatform.Common.ExtensionFramework.TestPluginCache.CurrentDomainAssemblyResolve(Object sender, AssemblyResolveEventArgs args) in /_/src/Microsoft.TestPlatform.Common/ExtensionFramework/TestPluginCache.cs:line 513
   at System.Runtime.Loader.AssemblyLoadContext.GetFirstResolvedAssemblyFromResolvingEvent(AssemblyName assemblyName)
   at System.Runtime.Loader.AssemblyLoadContext.ResolveUsingEvent(AssemblyName assemblyName)
   at System.Runtime.Loader.AssemblyLoadContext.ResolveUsingResolvingEvent(IntPtr gchManagedAssemblyLoadContext, AssemblyName assemblyName)
TpTrace Verbose: 0 : 16616, 1, 2023/12/15, 09:03:24.880, 6807854250, vstest.console.dll, MetadataReaderExtensionsHelper: Discovering extensions inside assembly 'Microsoft.TestPlatform.Extensions.BlameDataCollector, Version=15.0.0.0, Culture=neutral, PublicKeyToken=b03f5f7f11d50a3a' file path 'C:\Program Files\dotnet\sdk\8.0.100\Extensions\Microsoft.TestPlatform.Extensions.BlameDataCollector.dll'
TpTrace Information: 0 : 16616, 1, 2023/12/15, 09:03:24.882, 6807866076, vstest.console.dll, GetTestExtensionFromType: Register extension with identifier data 'logger://Microsoft/TestPlatform/Extensions/Blame/v1' and type 'Microsoft.TestPlatform.Extensions.BlameDataCollector.BlameLogger, Microsoft.TestPlatform.Extensions.BlameDataCollector, Version=15.0.0.0, Culture=neutral, PublicKeyToken=b03f5f7f11d50a3a' inside file 'C:\Program Files\dotnet\sdk\8.0.100\Extensions\Microsoft.TestPlatform.Extensions.BlameDataCollector.dll'
TpTrace Verbose: 0 : 16616, 1, 2023/12/15, 09:03:24.882, 6807868332, vstest.console.dll, MetadataReaderExtensionsHelper: Discovering extensions inside assembly 'Microsoft.TestPlatform.Extensions.EventLogCollector, Version=15.0.0.0, Culture=neutral, PublicKeyToken=b03f5f7f11d50a3a' file path 'C:\Program Files\dotnet\sdk\8.0.100\Extensions\Microsoft.TestPlatform.Extensions.EventLogCollector.dll'
TpTrace Verbose: 0 : 16616, 1, 2023/12/15, 09:03:24.883, 6807877507, vstest.console.dll, MetadataReaderExtensionsHelper: Discovering extensions inside assembly 'Microsoft.TestPlatform.TestHostRuntimeProvider, Version=15.0.0.0, Culture=neutral, PublicKeyToken=b03f5f7f11d50a3a' file path 'C:\Program Files\dotnet\sdk\8.0.100\Extensions\Microsoft.TestPlatform.TestHostRuntimeProvider.dll'
TpTrace Verbose: 0 : 16616, 1, 2023/12/15, 09:03:24.884, 6807885864, vstest.console.dll, MetadataReaderExtensionsHelper: Discovering extensions inside assembly 'Microsoft.VisualStudio.TestPlatform.Extensions.Html.TestLogger, Version=15.0.0.0, Culture=neutral, PublicKeyToken=b03f5f7f11d50a3a' file path 'C:\Program Files\dotnet\sdk\8.0.100\Extensions\Microsoft.VisualStudio.TestPlatform.Extensions.Html.TestLogger.dll'
TpTrace Information: 0 : 16616, 1, 2023/12/15, 09:03:24.885, 6807897910, vstest.console.dll, GetTestExtensionFromType: Register extension with identifier data 'logger://Microsoft/TestPlatform/HtmlLogger/v1' and type 'Microsoft.VisualStudio.TestPlatform.Extensions.HtmlLogger.HtmlLogger, Microsoft.VisualStudio.TestPlatform.Extensions.Html.TestLogger, Version=15.0.0.0, Culture=neutral, PublicKeyToken=b03f5f7f11d50a3a' inside file 'C:\Program Files\dotnet\sdk\8.0.100\Extensions\Microsoft.VisualStudio.TestPlatform.Extensions.Html.TestLogger.dll'
TpTrace Verbose: 0 : 16616, 1, 2023/12/15, 09:03:24.885, 6807899370, vstest.console.dll, MetadataReaderExtensionsHelper: Discovering extensions inside assembly 'Microsoft.VisualStudio.TestPlatform.Extensions.Trx.TestLogger, Version=15.0.0.0, Culture=neutral, PublicKeyToken=b03f5f7f11d50a3a' file path 'C:\Program Files\dotnet\sdk\8.0.100\Extensions\Microsoft.VisualStudio.TestPlatform.Extensions.Trx.TestLogger.dll'
TpTrace Information: 0 : 16616, 1, 2023/12/15, 09:03:24.886, 6807909336, vstest.console.dll, GetTestExtensionFromType: Register extension with identifier data 'logger://Microsoft/TestPlatform/TrxLogger/v1' and type 'Microsoft.VisualStudio.TestPlatform.Extensions.TrxLogger.TrxLogger, Microsoft.VisualStudio.TestPlatform.Extensions.Trx.TestLogger, Version=15.0.0.0, Culture=neutral, PublicKeyToken=b03f5f7f11d50a3a' inside file 'C:\Program Files\dotnet\sdk\8.0.100\Extensions\Microsoft.VisualStudio.TestPlatform.Extensions.Trx.TestLogger.dll'
TpTrace Verbose: 0 : 16616, 1, 2023/12/15, 09:03:24.886, 6807910603, vstest.console.dll, TestPluginCache: Discovered the extensions using extension path ''.
TpTrace Verbose: 0 : 16616, 1, 2023/12/15, 09:03:24.886, 6807911158, vstest.console.dll, TestPluginCache: Discoverers are ''.
TpTrace Verbose: 0 : 16616, 1, 2023/12/15, 09:03:24.886, 6807911570, vstest.console.dll, TestPluginCache: Executors are ''.
TpTrace Verbose: 0 : 16616, 1, 2023/12/15, 09:03:24.886, 6807911973, vstest.console.dll, TestPluginCache: Executors2 are ''.
TpTrace Verbose: 0 : 16616, 1, 2023/12/15, 09:03:24.886, 6807912366, vstest.console.dll, TestPluginCache: Setting providers are ''.
TpTrace Verbose: 0 : 16616, 1, 2023/12/15, 09:03:24.887, 6807916078, vstest.console.dll, TestPluginCache: Loggers are 'logger://Microsoft/TestPlatform/Extensions/Blame/v1,logger://Microsoft/TestPlatform/HtmlLogger/v1,logger://Microsoft/TestPlatform/TrxLogger/v1'.
TpTrace Verbose: 0 : 16616, 1, 2023/12/15, 09:03:24.887, 6807917179, vstest.console.dll, TestPluginCache: TestHosts are 'HostProvider://DefaultTestHost,HostProvider://DotnetTestHost'.
TpTrace Verbose: 0 : 16616, 1, 2023/12/15, 09:03:24.887, 6807917698, vstest.console.dll, TestPluginCache: DataCollectors are ''.
TpTrace Information: 0 : 16616, 1, 2023/12/15, 09:03:24.888, 6807930014, vstest.console.dll, TestPluginManager.CreateTestExtension: Attempting to load test extension: Microsoft.TestPlatform.Extensions.BlameDataCollector.BlameLogger
TpTrace Verbose: 0 : 16616, 1, 2023/12/15, 09:03:24.905, 6808094447, vstest.console.dll, TestEngine: Initializing Parallel Execution as MaxCpuCount is set to: 1
TpTrace Information: 0 : 16616, 1, 2023/12/15, 09:03:24.908, 6808126385, vstest.console.dll, TestPluginManager.CreateTestExtension: Attempting to load test extension: Microsoft.VisualStudio.TestPlatform.CrossPlatEngine.Hosting.DefaultTestHostManager
TpTrace Information: 0 : 16616, 1, 2023/12/15, 09:03:24.910, 6808151655, vstest.console.dll, TestPluginManager.CreateTestExtension: Attempting to load test extension: Microsoft.VisualStudio.TestPlatform.CrossPlatEngine.Hosting.DotnetTestHostManager
TpTrace Information: 0 : 16616, 1, 2023/12/15, 09:03:24.911, 6808160466, vstest.console.dll, InferRunSettingsHelper.IsTestSettingsEnabled: Unable to navigate to RunSettings/MSTest. Current node: RunSettings
TpTrace Verbose: 0 : 16616, 1, 2023/12/15, 09:03:24.912, 6808171621, vstest.console.dll, ParallelOperationManager.ClearSlots: Clearing all slots. Slots should accept more work: True
TpTrace Verbose: 0 : 16616, 1, 2023/12/15, 09:03:24.914, 6808186380, vstest.console.dll, ParallelOperationManager.SetOccupiedSlotCount: Setting slot counts AvailableSlotCount = 1, OccupiedSlotCount = 0.
TpTrace Verbose: 0 : 16616, 1, 2023/12/15, 09:03:24.914, 6808193868, vstest.console.dll, Occupied slots:

TpTrace Verbose: 0 : 16616, 1, 2023/12/15, 09:03:24.919, 6808241686, vstest.console.dll, TestEngine.GetExecutionManager: Chosen execution manager 'Microsoft.VisualStudio.TestPlatform.CrossPlatEngine.Client.Parallel.ParallelProxyExecutionManager, Microsoft.TestPlatform.CrossPlatEngine, Version=15.0.0.0, Culture=neutral, PublicKeyToken=b03f5f7f11d50a3a' ParallelLevel '1'.
TpTrace Verbose: 0 : 16616, 1, 2023/12/15, 09:03:24.919, 6808243717, vstest.console.dll, TestRunRequest.ExecuteAsync: Creating test run request.
TpTrace Verbose: 0 : 16616, 1, 2023/12/15, 09:03:24.920, 6808246744, vstest.console.dll, TestRunRequest.ExecuteAsync: Starting.
TpTrace Information: 0 : 16616, 1, 2023/12/15, 09:03:24.922, 6808265355, vstest.console.dll, TestRunRequest.ExecuteAsync: Starting run with settings:TestRunCriteria:
   KeepAlive=False,FrequencyOfRunStatsChangeEvent=10,RunStatsChangeEventTimeout=00:00:01.5000000,TestCaseFilter=,TestExecutorLauncher=
   Settingsxml=<RunSettings>
  <RunConfiguration>
    <ResultsDirectory>C:\Users\Admin\source\repos\Лаба 6\TestLab6\bin\Debug\net8.0\fine-code-coverage\coverage-tool-output</ResultsDirectory>
    <TargetPlatform>X64</TargetPlatform>
    <TargetFrameworkVersion>.NETCoreApp,Version=v8.0</TargetFrameworkVersion>
    <DesignMode>False</DesignMode>
    <CollectSourceInformation>False</CollectSourceInformation>
  </RunConfiguration>
  <LoggerRunSettings>
    <Loggers>
      <Logger friendlyName="blame" enabled="True" />
      <Logger friendlyName="Console" uri="logger://microsoft/TestPlatform/ConsoleLogger/v1" assemblyQualifiedName="Microsoft.VisualStudio.TestPlatform.CommandLine.Internal.ConsoleLogger, vstest.console, Version=15.0.0.0, Culture=neutral, PublicKeyToken=b03f5f7f11d50a3a" codeBase="C:\Program Files\dotnet\sdk\8.0.100\vstest.console.dll" enabled="True" />
    </Loggers>
  </LoggerRunSettings>
  <DataCollectionRunSettings>
    <DataCollectors>
      <DataCollector friendlyName="blame" enabled="True">
        <Configuration>
          <ResultsDirectory>C:\Users\Admin\source\repos\Лаба 6\TestLab6\bin\Debug\net8.0\fine-code-coverage\coverage-tool-output</ResultsDirectory>
        </Configuration>
      </DataCollector>
    </DataCollectors>
  </DataCollectionRunSettings>
</RunSettings>

TpTrace Verbose: 0 : 16616, 1, 2023/12/15, 09:03:24.922, 6808266350, vstest.console.dll, TestRunRequest.ExecuteAsync: Wait for the first run request is over.
TpTrace Verbose: 0 : 16616, 1, 2023/12/15, 09:03:24.924, 6808293464, vstest.console.dll, MulticastDelegateUtilities.SafeInvoke: TestRun.TestRunStart: Invoking callbacks was skipped because there are no subscribers.
TpTrace Verbose: 0 : 16616, 4, 2023/12/15, 09:03:24.925, 6808296835, vstest.console.dll, MulticastDelegateUtilities.SafeInvoke: InternalTestLoggerEvents.SendTestRunStart: Invoking callback 1/1 for Microsoft.VisualStudio.TestPlatform.CommandLine.Internal.ConsoleLogger., took 0 ms.
TpTrace Verbose: 0 : 16616, 1, 2023/12/15, 09:03:24.926, 6808311518, vstest.console.dll, ParallelProxyExecutionManager: Start execution. Total sources: 1
TpTrace Verbose: 0 : 16616, 1, 2023/12/15, 09:03:24.927, 6808317686, vstest.console.dll, ParallelOperationManager.StartWork: Starting adding 1 workloads.
TpTrace Verbose: 0 : 16616, 1, 2023/12/15, 09:03:24.927, 6808318753, vstest.console.dll, ParallelOperationManager.ClearSlots: Clearing all slots. Slots should accept more work: True
TpTrace Verbose: 0 : 16616, 1, 2023/12/15, 09:03:24.927, 6808319798, vstest.console.dll, ParallelOperationManager.SetOccupiedSlotCount: Setting slot counts AvailableSlotCount = 1, OccupiedSlotCount = 0.
TpTrace Verbose: 0 : 16616, 1, 2023/12/15, 09:03:24.927, 6808320381, vstest.console.dll, Occupied slots:

TpTrace Verbose: 0 : 16616, 1, 2023/12/15, 09:03:24.929, 6808339907, vstest.console.dll, TestRequestSender is acting as server.
TpTrace Verbose: 0 : 16616, 1, 2023/12/15, 09:03:24.931, 6808358928, vstest.console.dll, ParallelOperationManager.RunWorkInParallel: Adding 1 workload to slot, remaining workloads 0.
TpTrace Verbose: 0 : 16616, 1, 2023/12/15, 09:03:24.931, 6808360095, vstest.console.dll, ParallelOperationManager.SetOccupiedSlotCount: Setting slot counts AvailableSlotCount = 0, OccupiedSlotCount = 1.
TpTrace Verbose: 0 : 16616, 1, 2023/12/15, 09:03:24.931, 6808361668, vstest.console.dll, Occupied slots:
0: C:\Users\Admin\source\repos\Лаба 6\TestLab6\bin\Debug\net8.0\fine-code-coverage\build-output\TestLab6.dll
TpTrace Verbose: 0 : 16616, 1, 2023/12/15, 09:03:24.933, 6808376965, vstest.console.dll, ParallelOperationManager.RunWorkInParallel: Started host in slot number 0 for work (source): C:\Users\Admin\source\repos\Лаба 6\TestLab6\bin\Debug\net8.0\fine-code-coverage\build-output\TestLab6.dll.
TpTrace Verbose: 0 : 16616, 1, 2023/12/15, 09:03:24.934, 6808388036, vstest.console.dll, ParallelOperationManager.RunWorkInParallel: We started 1 work items, which is the max parallel level. Won't start more work.
TpTrace Verbose: 0 : 16616, 1, 2023/12/15, 09:03:24.934, 6808389016, vstest.console.dll, ParallelOperationManager.RunWorkInParallel: We started 1 work items in here, returning True.
TpTrace Information: 0 : 16616, 1, 2023/12/15, 09:03:24.934, 6808389618, vstest.console.dll, TestRunRequest.ExecuteAsync: Started.
TpTrace Verbose: 0 : 16616, 5, 2023/12/15, 09:03:24.934, 6808392822, vstest.console.dll, ParallelProxyExecutionManager.StartTestRunOnConcurrentManager: Initializing uninitialized client. Started clients: 0
TpTrace Verbose: 0 : 16616, 5, 2023/12/15, 09:03:24.935, 6808395834, vstest.console.dll, DataCollectionRequestSender.InitializeCommunication : Initialize communication. 
TpTrace Verbose: 0 : 16616, 1, 2023/12/15, 09:03:24.935, 6808399317, vstest.console.dll, TestRunRequest.WaitForCompletion: Waiting with timeout -1.
TpTrace Information: 0 : 16616, 5, 2023/12/15, 09:03:24.947, 6808517748, vstest.console.dll, Listening on Endpoint : 127.0.0.1:61242
TpTrace Verbose: 0 : 16616, 5, 2023/12/15, 09:03:24.956, 6808605637, vstest.console.dll, DotnetDataCollectionLauncher: Adding  --runtimeconfig "C:\Program Files\dotnet\sdk\8.0.100\datacollector.runtimeconfig.json" in args
TpTrace Verbose: 0 : 16616, 5, 2023/12/15, 09:03:24.956, 6808609151, vstest.console.dll, DotnetDataCollectionLauncher: Adding  --depsfile "C:\Program Files\dotnet\sdk\8.0.100\datacollector.deps.json" in args
TpTrace Verbose: 0 : 16616, 5, 2023/12/15, 09:03:24.956, 6808614158, vstest.console.dll, DotnetDataCollectionLauncher: Full path of dotnet.exe is C:\Program Files\dotnet\dotnet.exe
TpTrace Information: 0 : 16616, 5, 2023/12/15, 09:03:24.969, 6808734665, vstest.console.dll, ProxyDataCollectionManager.Initialize: Launched datacollector processId: 15684 port: 61242
TpTrace Information: 0 : 16616, 5, 2023/12/15, 09:03:24.969, 6808737006, vstest.console.dll, ProxyDataCollectionManager.Initialize: waiting for connection with timeout: 90 seconds
TpTrace Verbose: 0 : 16616, 5, 2023/12/15, 09:03:24.969, 6808738078, vstest.console.dll, DataCollectionRequestSender.WaitForRequestHandlerConnection : Waiting for connection with timeout: 90000
TpTrace Information: 0 : 16616, 11, 2023/12/15, 09:03:25.207, 6811115943, vstest.console.dll, Using the buffer size of 16384 bytes
TpTrace Verbose: 0 : 16616, 5, 2023/12/15, 09:03:25.207, 6811116271, vstest.console.dll, SocketCommunicationManager.WaitForClientConnection took: 237 ms, with 90000 ms timeout, and finished with True.
TpTrace Information: 0 : 16616, 11, 2023/12/15, 09:03:25.207, 6811118010, vstest.console.dll, Accepted Client request and set the flag
TpTrace Verbose: 0 : 16616, 5, 2023/12/15, 09:03:25.207, 6811120121, vstest.console.dll, ProxyDataCollectionManager.InvokeDataCollectionServiceAction: Starting.
TpTrace Information: 0 : 16616, 5, 2023/12/15, 09:03:25.207, 6811122407, vstest.console.dll, ProxyDataCollectionManager.BeforeTestRunStart: Get environment variable and port for datacollector processId: 15684 port: 61242
TpTrace Verbose: 0 : 16616, 5, 2023/12/15, 09:03:25.208, 6811124732, vstest.console.dll, DataCollectionRequestSender.SendBeforeTestRunStartAndGetResult: Send BeforeTestRunStart message with settingsXml <RunSettings><RunConfiguration><ResultsDirectory>C:\Users\Admin\source\repos\Лаба 6\TestLab6\bin\Debug\net8.0\fine-code-coverage\coverage-tool-output</ResultsDirectory><TargetPlatform>X64</TargetPlatform><TargetFrameworkVersion>.NETCoreApp,Version=v8.0</TargetFrameworkVersion><DesignMode>False</DesignMode><CollectSourceInformation>False</CollectSourceInformation><TestAdaptersPaths>C:\Program Files\dotnet\sdk\8.0.100\Extensions</TestAdaptersPaths></RunConfiguration><LoggerRunSettings><Loggers><Logger friendlyName="blame" enabled="True" /><Logger friendlyName="Console" uri="logger://microsoft/TestPlatform/ConsoleLogger/v1" assemblyQualifiedName="Microsoft.VisualStudio.TestPlatform.CommandLine.Internal.ConsoleLogger, vstest.console, Version=15.0.0.0, Culture=neutral, PublicKeyToken=b03f5f7f11d50a3a" codeBase="C:\Program Files\dotnet\sdk\8.0.100\vstest.console.dll" enabled="True" /></Loggers></LoggerRunSettings><DataCollectionRunSettings><DataCollectors><DataCollector friendlyName="blame" enabled="True"><Configuration><ResultsDirectory>C:\Users\Admin\source\repos\Лаба 6\TestLab6\bin\Debug\net8.0\fine-code-coverage\coverage-tool-output</ResultsDirectory></Configuration></DataCollector></DataCollectors></DataCollectionRunSettings></RunSettings> and sources System.Collections.Generic.List`1[System.String]: 
TpTrace Verbose: 0 : 16616, 5, 2023/12/15, 09:03:25.290, 6811950961, vstest.console.dll, DataCollectionRequestSender.SendBeforeTestRunStartAndGetResult: Received message: (DataCollection.SendMessage) -> {"MessageType":"DataCollection.SendMessage","Payload":{"FriendlyName":null,"Uri":null,"TestCaseId":"00000000-0000-0000-0000-000000000000","Message":"Logging DataCollector Diagnostics in file: C:\\Users\\Admin\\source\\repos\\Лаба 6\\TestLab6\\bin\\Debug\\net8.0\\fine-code-coverage\\coverage-tool-output\\diagnostics.datacollector.23-12-15_09-03-24_95538_5.log","Level":0}}
TpTrace Verbose: 0 : 16616, 5, 2023/12/15, 09:03:25.446, 6813504750, vstest.console.dll, DataCollectionRequestSender.SendBeforeTestRunStartAndGetResult: Received message: (DataCollection.BeforeTestRunStartResult) -> {"MessageType":"DataCollection.BeforeTestRunStartResult","Payload":{"EnvironmentVariables":{},"DataCollectionEventsPort":61244}}
TpTrace Information: 0 : 16616, 5, 2023/12/15, 09:03:25.452, 6813573110, vstest.console.dll, ProxyDataCollectionManager.BeforeTestRunStart: SendBeforeTestRunStartAndGetResult successful, env variable from datacollector:   and testhost port: 61244
TpTrace Information: 0 : 16616, 5, 2023/12/15, 09:03:25.453, 6813574670, vstest.console.dll, ProxyDataCollectionManager.InvokeDataCollectionServiceAction: Completed.
TpTrace Verbose: 0 : 16616, 5, 2023/12/15, 09:03:25.453, 6813575256, vstest.console.dll, ParallelProxyExecutionManager.StartTestRunOnConcurrentManager: Initializing test run. Started clients: 0
TpTrace Verbose: 0 : 16616, 5, 2023/12/15, 09:03:25.453, 6813576601, vstest.console.dll, ProxyExecutionManager: Test host is always Lazy initialize.
TpTrace Verbose: 0 : 16616, 5, 2023/12/15, 09:03:25.453, 6813579404, vstest.console.dll, TestRequestSender.InitializeCommunication: initialize communication. 
TpTrace Information: 0 : 16616, 5, 2023/12/15, 09:03:25.454, 6813585199, vstest.console.dll, SocketServer.Start: Listening on endpoint : 127.0.0.1:61245
TpTrace Verbose: 0 : 16616, 5, 2023/12/15, 09:03:25.455, 6813594973, vstest.console.dll, DotnetTestHostmanager.GetTestHostProcessStartInfo: Platform environment 'X64' target architecture 'X64' framework '.NETCoreApp,Version=v8.0' OS 'Windows'
TpTrace Verbose: 0 : 16616, 5, 2023/12/15, 09:03:25.455, 6813599502, vstest.console.dll, DotnetTestHostmanager: Adding  --runtimeconfig "C:\Users\Admin\source\repos\Лаба 6\TestLab6\bin\Debug\net8.0\fine-code-coverage\build-output\TestLab6.runtimeconfig.json" in args
TpTrace Verbose: 0 : 16616, 5, 2023/12/15, 09:03:25.456, 6813608494, vstest.console.dll, DotnetTestHostmanager: Adding  --depsfile "C:\Users\Admin\source\repos\Лаба 6\TestLab6\bin\Debug\net8.0\fine-code-coverage\build-output\TestLab6.deps.json" in args
TpTrace Verbose: 0 : 16616, 5, 2023/12/15, 09:03:25.456, 6813612639, vstest.console.dll, DotnetTestHostmanager.IsWinOnArm: Current PROCESSOR_ARCHITECTURE from environment variable 'AMD64'
TpTrace Verbose: 0 : 16616, 5, 2023/12/15, 09:03:25.456, 6813613617, vstest.console.dll, DotnetTestHostmanager.IsWinOnArm: Is Windows on ARM 'False'
TpTrace Verbose: 0 : 16616, 5, 2023/12/15, 09:03:25.457, 6813615609, vstest.console.dll, DotnetTestHostManager: testhost.exe found at path: C:\Users\Admin\source\repos\Лаба 6\TestLab6\bin\Debug\net8.0\fine-code-coverage\build-output\testhost.exe
TpTrace Verbose: 0 : 16616, 5, 2023/12/15, 09:03:25.457, 6813616377, vstest.console.dll, DotnetTestHostmanager: Full path of host exe is C:\Users\Admin\source\repos\Лаба 6\TestLab6\bin\Debug\net8.0\fine-code-coverage\build-output\testhost.exe
TpTrace Verbose: 0 : 16616, 5, 2023/12/15, 09:03:25.457, 6813618336, vstest.console.dll, DotnetTestHostmanager.LaunchTestHostAsync: Found 'VSTEST_WINAPPHOST_DOTNET_ROOT' in env variables, value 'C:\Program Files\dotnet', forwarding to 'DOTNET_ROOT'
TpTrace Verbose: 0 : 16616, 5, 2023/12/15, 09:03:25.457, 6813620444, vstest.console.dll, DotnetTestHostManager: Starting process 'C:\Users\Admin\source\repos\Лаба 6\TestLab6\bin\Debug\net8.0\fine-code-coverage\build-output\testhost.exe' with command line ' --runtimeconfig "C:\Users\Admin\source\repos\Лаба 6\TestLab6\bin\Debug\net8.0\fine-code-coverage\build-output\TestLab6.runtimeconfig.json" --depsfile "C:\Users\Admin\source\repos\Лаба 6\TestLab6\bin\Debug\net8.0\fine-code-coverage\build-output\TestLab6.deps.json" --port 61245 --endpoint 127.0.0.1:061245 --role client --parentprocessid 16616 --diag "C:\Users\Admin\source\repos\Лаба 6\TestLab6\bin\Debug\net8.0\fine-code-coverage\coverage-tool-output\diagnostics.host.23-12-15_09-03-25_45458_5.log" --tracelevel 4 --datacollectionport 61244 --telemetryoptedin false'
TpTrace Verbose: 0 : 16616, 5, 2023/12/15, 09:03:25.477, 6813816979, vstest.console.dll, MulticastDelegateUtilities.SafeInvoke: HostProviderEvents.OnHostLaunched: Invoking callback 1/2 for Microsoft.VisualStudio.TestPlatform.CrossPlatEngine.Client.ProxyExecutionManagerWithDataCollection., took 1 ms.
TpTrace Verbose: 0 : 16616, 5, 2023/12/15, 09:03:25.477, 6813822649, vstest.console.dll, Test Runtime launched
TpTrace Verbose: 0 : 16616, 5, 2023/12/15, 09:03:25.477, 6813824239, vstest.console.dll, MulticastDelegateUtilities.SafeInvoke: HostProviderEvents.OnHostLaunched: Invoking callback 2/2 for Microsoft.VisualStudio.TestPlatform.CrossPlatEngine.Client.ProxyOperationManager., took 0 ms.
TpTrace Verbose: 0 : 16616, 5, 2023/12/15, 09:03:25.478, 6813829692, vstest.console.dll, TestRequestSender.WaitForRequestHandlerConnection: waiting for connection with timeout: 90000.
TpTrace Verbose: 0 : 16616, 7, 2023/12/15, 09:03:25.830, 6817350031, vstest.console.dll, MulticastDelegateUtilities.SafeInvoke: SocketServer: ClientConnected: Invoking callback 1/1 for Microsoft.VisualStudio.TestPlatform.CommunicationUtilities.TestRequestSender., took 0 ms.
TpTrace Verbose: 0 : 16616, 5, 2023/12/15, 09:03:25.830, 6817350003, vstest.console.dll, TestRequestSender.WaitForRequestHandlerConnection: waiting took 352 ms, with timeout 90000 ms, and result 0, which is success.
TpTrace Verbose: 0 : 16616, 7, 2023/12/15, 09:03:25.830, 6817352418, vstest.console.dll, SocketServer.OnClientConnected: Client connected for endPoint: 127.0.0.1:61245, starting MessageLoopAsync:
TpTrace Verbose: 0 : 16616, 7, 2023/12/15, 09:03:25.831, 6817364308, vstest.console.dll, TcpClientExtensions.MessageLoopAsync: Polling on remoteEndPoint: 127.0.0.1:61246 localEndPoint: 127.0.0.1:61245
TpTrace Verbose: 0 : 16616, 5, 2023/12/15, 09:03:25.833, 6817375164, vstest.console.dll, TestRequestSender.CheckVersionWithTestHost: Sending check version message: {"MessageType":"ProtocolVersion","Payload":7}
TpTrace Verbose: 0 : 16616, 7, 2023/12/15, 09:03:25.989, 6818943101, vstest.console.dll, TcpClientExtensions.MessageLoopAsync: NotifyDataAvailable remoteEndPoint: 127.0.0.1:61246 localEndPoint: 127.0.0.1:61245
TpTrace Verbose: 0 : 16616, 7, 2023/12/15, 09:03:25.990, 6818946518, vstest.console.dll, TestRequestSender.CheckVersionWithTestHost: onMessageReceived received message: (ProtocolVersion) -> {"MessageType":"ProtocolVersion","Payload":7}
TpTrace Verbose: 0 : 16616, 7, 2023/12/15, 09:03:26.028, 6819328843, vstest.console.dll, MulticastDelegateUtilities.SafeInvoke: LengthPrefixCommunicationChannel: MessageReceived: Invoking callback 1/1 for Microsoft.VisualStudio.TestPlatform.CommunicationUtilities.TestRequestSender+<>c__DisplayClass29_0., took 38 ms.
TpTrace Verbose: 0 : 16616, 5, 2023/12/15, 09:03:26.028, 6819330534, vstest.console.dll, TestPluginCache.GetExtensionPaths: Filtered extension paths: 
TpTrace Verbose: 0 : 16616, 7, 2023/12/15, 09:03:26.028, 6819331272, vstest.console.dll, TcpClientExtensions.MessageLoopAsync: Polling on remoteEndPoint: 127.0.0.1:61246 localEndPoint: 127.0.0.1:61245
TpTrace Verbose: 0 : 16616, 5, 2023/12/15, 09:03:26.028, 6819332096, vstest.console.dll, TestPluginCache.GetExtensionPaths: Added default extension paths: C:\Program Files\dotnet\sdk\8.0.100\Extensions\Microsoft.Diagnostics.NETCore.Client.dll
C:\Program Files\dotnet\sdk\8.0.100\Extensions\Microsoft.TestPlatform.Extensions.BlameDataCollector.dll
C:\Program Files\dotnet\sdk\8.0.100\Extensions\Microsoft.TestPlatform.Extensions.EventLogCollector.dll
C:\Program Files\dotnet\sdk\8.0.100\Extensions\Microsoft.TestPlatform.TestHostRuntimeProvider.dll
C:\Program Files\dotnet\sdk\8.0.100\Extensions\Microsoft.VisualStudio.TestPlatform.Extensions.Html.TestLogger.dll
C:\Program Files\dotnet\sdk\8.0.100\Extensions\Microsoft.VisualStudio.TestPlatform.Extensions.Trx.TestLogger.dll
TpTrace Verbose: 0 : 16616, 7, 2023/12/15, 09:03:26.028, 6819333595, vstest.console.dll, TcpClientExtensions.MessageLoopAsync: NotifyDataAvailable remoteEndPoint: 127.0.0.1:61246 localEndPoint: 127.0.0.1:61245
TpTrace Verbose: 0 : 16616, 5, 2023/12/15, 09:03:26.029, 6819334392, vstest.console.dll, TestPluginCache.GetExtensionPaths: Added unfilterableExtensionPaths: 
TpTrace Verbose: 0 : 16616, 7, 2023/12/15, 09:03:26.029, 6819335812, vstest.console.dll, LengthPrefixCommunicationChannel.NotifyDataAvailable: New data are waiting to be received, but there is no subscriber to be notified. Not reading them from the stream.
TpTrace Verbose: 0 : 16616, 7, 2023/12/15, 09:03:26.029, 6819337913, vstest.console.dll, TcpClientExtensions.MessageLoopAsync: Polling on remoteEndPoint: 127.0.0.1:61246 localEndPoint: 127.0.0.1:61245
TpTrace Verbose: 0 : 16616, 7, 2023/12/15, 09:03:26.029, 6819338958, vstest.console.dll, TcpClientExtensions.MessageLoopAsync: NotifyDataAvailable remoteEndPoint: 127.0.0.1:61246 localEndPoint: 127.0.0.1:61245
TpTrace Verbose: 0 : 16616, 7, 2023/12/15, 09:03:26.029, 6819339573, vstest.console.dll, LengthPrefixCommunicationChannel.NotifyDataAvailable: New data are waiting to be received, but there is no subscriber to be notified. Not reading them from the stream.
TpTrace Verbose: 0 : 16616, 7, 2023/12/15, 09:03:26.029, 6819340171, vstest.console.dll, TcpClientExtensions.MessageLoopAsync: Polling on remoteEndPoint: 127.0.0.1:61246 localEndPoint: 127.0.0.1:61245
TpTrace Verbose: 0 : 16616, 7, 2023/12/15, 09:03:26.029, 6819340844, vstest.console.dll, TcpClientExtensions.MessageLoopAsync: NotifyDataAvailable remoteEndPoint: 127.0.0.1:61246 localEndPoint: 127.0.0.1:61245
TpTrace Verbose: 0 : 16616, 7, 2023/12/15, 09:03:26.029, 6819341433, vstest.console.dll, LengthPrefixCommunicationChannel.NotifyDataAvailable: New data are waiting to be received, but there is no subscriber to be notified. Not reading them from the stream.
TpTrace Verbose: 0 : 16616, 7, 2023/12/15, 09:03:26.029, 6819342043, vstest.console.dll, TcpClientExtensions.MessageLoopAsync: Polling on remoteEndPoint: 127.0.0.1:61246 localEndPoint: 127.0.0.1:61245
TpTrace Verbose: 0 : 16616, 7, 2023/12/15, 09:03:26.029, 6819342709, vstest.console.dll, TcpClientExtensions.MessageLoopAsync: NotifyDataAvailable remoteEndPoint: 127.0.0.1:61246 localEndPoint: 127.0.0.1:61245
TpTrace Verbose: 0 : 16616, 7, 2023/12/15, 09:03:26.029, 6819343301, vstest.console.dll, LengthPrefixCommunicationChannel.NotifyDataAvailable: New data are waiting to be received, but there is no subscriber to be notified. Not reading them from the stream.
TpTrace Verbose: 0 : 16616, 7, 2023/12/15, 09:03:26.029, 6819343888, vstest.console.dll, TcpClientExtensions.MessageLoopAsync: Polling on remoteEndPoint: 127.0.0.1:61246 localEndPoint: 127.0.0.1:61245
TpTrace Verbose: 0 : 16616, 7, 2023/12/15, 09:03:26.030, 6819344539, vstest.console.dll, TcpClientExtensions.MessageLoopAsync: NotifyDataAvailable remoteEndPoint: 127.0.0.1:61246 localEndPoint: 127.0.0.1:61245
TpTrace Verbose: 0 : 16616, 7, 2023/12/15, 09:03:26.030, 6819345113, vstest.console.dll, LengthPrefixCommunicationChannel.NotifyDataAvailable: New data are waiting to be received, but there is no subscriber to be notified. Not reading them from the stream.
TpTrace Verbose: 0 : 16616, 7, 2023/12/15, 09:03:26.030, 6819345717, vstest.console.dll, TcpClientExtensions.MessageLoopAsync: Polling on remoteEndPoint: 127.0.0.1:61246 localEndPoint: 127.0.0.1:61245
TpTrace Verbose: 0 : 16616, 7, 2023/12/15, 09:03:26.030, 6819346370, vstest.console.dll, TcpClientExtensions.MessageLoopAsync: NotifyDataAvailable remoteEndPoint: 127.0.0.1:61246 localEndPoint: 127.0.0.1:61245
TpTrace Verbose: 0 : 16616, 7, 2023/12/15, 09:03:26.030, 6819346952, vstest.console.dll, LengthPrefixCommunicationChannel.NotifyDataAvailable: New data are waiting to be received, but there is no subscriber to be notified. Not reading them from the stream.
TpTrace Verbose: 0 : 16616, 7, 2023/12/15, 09:03:26.030, 6819347470, vstest.console.dll, TcpClientExtensions.MessageLoopAsync: Polling on remoteEndPoint: 127.0.0.1:61246 localEndPoint: 127.0.0.1:61245
TpTrace Verbose: 0 : 16616, 7, 2023/12/15, 09:03:26.030, 6819347974, vstest.console.dll, TcpClientExtensions.MessageLoopAsync: NotifyDataAvailable remoteEndPoint: 127.0.0.1:61246 localEndPoint: 127.0.0.1:61245
TpTrace Verbose: 0 : 16616, 7, 2023/12/15, 09:03:26.030, 6819348455, vstest.console.dll, LengthPrefixCommunicationChannel.NotifyDataAvailable: New data are waiting to be received, but there is no subscriber to be notified. Not reading them from the stream.
TpTrace Verbose: 0 : 16616, 7, 2023/12/15, 09:03:26.030, 6819348945, vstest.console.dll, TcpClientExtensions.MessageLoopAsync: Polling on remoteEndPoint: 127.0.0.1:61246 localEndPoint: 127.0.0.1:61245
TpTrace Verbose: 0 : 16616, 7, 2023/12/15, 09:03:26.030, 6819349477, vstest.console.dll, TcpClientExtensions.MessageLoopAsync: NotifyDataAvailable remoteEndPoint: 127.0.0.1:61246 localEndPoint: 127.0.0.1:61245
TpTrace Verbose: 0 : 16616, 7, 2023/12/15, 09:03:26.030, 6819349925, vstest.console.dll, LengthPrefixCommunicationChannel.NotifyDataAvailable: New data are waiting to be received, but there is no subscriber to be notified. Not reading them from the stream.
TpTrace Verbose: 0 : 16616, 7, 2023/12/15, 09:03:26.030, 6819350365, vstest.console.dll, TcpClientExtensions.MessageLoopAsync: Polling on remoteEndPoint: 127.0.0.1:61246 localEndPoint: 127.0.0.1:61245
TpTrace Verbose: 0 : 16616, 7, 2023/12/15, 09:03:26.030, 6819350862, vstest.console.dll, TcpClientExtensions.MessageLoopAsync: NotifyDataAvailable remoteEndPoint: 127.0.0.1:61246 localEndPoint: 127.0.0.1:61245
TpTrace Verbose: 0 : 16616, 7, 2023/12/15, 09:03:26.030, 6819351319, vstest.console.dll, LengthPrefixCommunicationChannel.NotifyDataAvailable: New data are waiting to be received, but there is no subscriber to be notified. Not reading them from the stream.
TpTrace Verbose: 0 : 16616, 7, 2023/12/15, 09:03:26.030, 6819351764, vstest.console.dll, TcpClientExtensions.MessageLoopAsync: Polling on remoteEndPoint: 127.0.0.1:61246 localEndPoint: 127.0.0.1:61245
TpTrace Verbose: 0 : 16616, 7, 2023/12/15, 09:03:26.030, 6819352265, vstest.console.dll, TcpClientExtensions.MessageLoopAsync: NotifyDataAvailable remoteEndPoint: 127.0.0.1:61246 localEndPoint: 127.0.0.1:61245
TpTrace Verbose: 0 : 16616, 7, 2023/12/15, 09:03:26.030, 6819352701, vstest.console.dll, LengthPrefixCommunicationChannel.NotifyDataAvailable: New data are waiting to be received, but there is no subscriber to be notified. Not reading them from the stream.
TpTrace Verbose: 0 : 16616, 7, 2023/12/15, 09:03:26.030, 6819353137, vstest.console.dll, TcpClientExtensions.MessageLoopAsync: Polling on remoteEndPoint: 127.0.0.1:61246 localEndPoint: 127.0.0.1:61245
TpTrace Verbose: 0 : 16616, 7, 2023/12/15, 09:03:26.030, 6819353634, vstest.console.dll, TcpClientExtensions.MessageLoopAsync: NotifyDataAvailable remoteEndPoint: 127.0.0.1:61246 localEndPoint: 127.0.0.1:61245
TpTrace Verbose: 0 : 16616, 7, 2023/12/15, 09:03:26.030, 6819354084, vstest.console.dll, LengthPrefixCommunicationChannel.NotifyDataAvailable: New data are waiting to be received, but there is no subscriber to be notified. Not reading them from the stream.
TpTrace Verbose: 0 : 16616, 7, 2023/12/15, 09:03:26.031, 6819354519, vstest.console.dll, TcpClientExtensions.MessageLoopAsync: Polling on remoteEndPoint: 127.0.0.1:61246 localEndPoint: 127.0.0.1:61245
TpTrace Verbose: 0 : 16616, 7, 2023/12/15, 09:03:26.031, 6819355019, vstest.console.dll, TcpClientExtensions.MessageLoopAsync: NotifyDataAvailable remoteEndPoint: 127.0.0.1:61246 localEndPoint: 127.0.0.1:61245
TpTrace Verbose: 0 : 16616, 7, 2023/12/15, 09:03:26.031, 6819355454, vstest.console.dll, LengthPrefixCommunicationChannel.NotifyDataAvailable: New data are waiting to be received, but there is no subscriber to be notified. Not reading them from the stream.
TpTrace Verbose: 0 : 16616, 7, 2023/12/15, 09:03:26.031, 6819355896, vstest.console.dll, TcpClientExtensions.MessageLoopAsync: Polling on remoteEndPoint: 127.0.0.1:61246 localEndPoint: 127.0.0.1:61245
TpTrace Verbose: 0 : 16616, 7, 2023/12/15, 09:03:26.031, 6819356390, vstest.console.dll, TcpClientExtensions.MessageLoopAsync: NotifyDataAvailable remoteEndPoint: 127.0.0.1:61246 localEndPoint: 127.0.0.1:61245
TpTrace Verbose: 0 : 16616, 7, 2023/12/15, 09:03:26.031, 6819356840, vstest.console.dll, LengthPrefixCommunicationChannel.NotifyDataAvailable: New data are waiting to be received, but there is no subscriber to be notified. Not reading them from the stream.
TpTrace Verbose: 0 : 16616, 7, 2023/12/15, 09:03:26.031, 6819357317, vstest.console.dll, TcpClientExtensions.MessageLoopAsync: Polling on remoteEndPoint: 127.0.0.1:61246 localEndPoint: 127.0.0.1:61245
TpTrace Verbose: 0 : 16616, 7, 2023/12/15, 09:03:26.031, 6819357845, vstest.console.dll, TcpClientExtensions.MessageLoopAsync: NotifyDataAvailable remoteEndPoint: 127.0.0.1:61246 localEndPoint: 127.0.0.1:61245
TpTrace Verbose: 0 : 16616, 7, 2023/12/15, 09:03:26.031, 6819358920, vstest.console.dll, LengthPrefixCommunicationChannel.NotifyDataAvailable: New data are waiting to be received, but there is no subscriber to be notified. Not reading them from the stream.
TpTrace Verbose: 0 : 16616, 7, 2023/12/15, 09:03:26.031, 6819359606, vstest.console.dll, TcpClientExtensions.MessageLoopAsync: Polling on remoteEndPoint: 127.0.0.1:61246 localEndPoint: 127.0.0.1:61245
TpTrace Verbose: 0 : 16616, 7, 2023/12/15, 09:03:26.031, 6819360339, vstest.console.dll, TcpClientExtensions.MessageLoopAsync: NotifyDataAvailable remoteEndPoint: 127.0.0.1:61246 localEndPoint: 127.0.0.1:61245
TpTrace Verbose: 0 : 16616, 7, 2023/12/15, 09:03:26.031, 6819360983, vstest.console.dll, LengthPrefixCommunicationChannel.NotifyDataAvailable: New data are waiting to be received, but there is no subscriber to be notified. Not reading them from the stream.
TpTrace Verbose: 0 : 16616, 7, 2023/12/15, 09:03:26.031, 6819361789, vstest.console.dll, TcpClientExtensions.MessageLoopAsync: Polling on remoteEndPoint: 127.0.0.1:61246 localEndPoint: 127.0.0.1:61245
TpTrace Verbose: 0 : 16616, 7, 2023/12/15, 09:03:26.031, 6819362833, vstest.console.dll, TcpClientExtensions.MessageLoopAsync: NotifyDataAvailable remoteEndPoint: 127.0.0.1:61246 localEndPoint: 127.0.0.1:61245
TpTrace Verbose: 0 : 16616, 7, 2023/12/15, 09:03:26.031, 6819363483, vstest.console.dll, LengthPrefixCommunicationChannel.NotifyDataAvailable: New data are waiting to be received, but there is no subscriber to be notified. Not reading them from the stream.
TpTrace Verbose: 0 : 16616, 7, 2023/12/15, 09:03:26.031, 6819364125, vstest.console.dll, TcpClientExtensions.MessageLoopAsync: Polling on remoteEndPoint: 127.0.0.1:61246 localEndPoint: 127.0.0.1:61245
TpTrace Verbose: 0 : 16616, 7, 2023/12/15, 09:03:26.032, 6819364899, vstest.console.dll, TcpClientExtensions.MessageLoopAsync: NotifyDataAvailable remoteEndPoint: 127.0.0.1:61246 localEndPoint: 127.0.0.1:61245
TpTrace Verbose: 0 : 16616, 7, 2023/12/15, 09:03:26.032, 6819365537, vstest.console.dll, LengthPrefixCommunicationChannel.NotifyDataAvailable: New data are waiting to be received, but there is no subscriber to be notified. Not reading them from the stream.
TpTrace Verbose: 0 : 16616, 7, 2023/12/15, 09:03:26.032, 6819366188, vstest.console.dll, TcpClientExtensions.MessageLoopAsync: Polling on remoteEndPoint: 127.0.0.1:61246 localEndPoint: 127.0.0.1:61245
TpTrace Verbose: 0 : 16616, 7, 2023/12/15, 09:03:26.032, 6819366940, vstest.console.dll, TcpClientExtensions.MessageLoopAsync: NotifyDataAvailable remoteEndPoint: 127.0.0.1:61246 localEndPoint: 127.0.0.1:61245
TpTrace Verbose: 0 : 16616, 7, 2023/12/15, 09:03:26.032, 6819367623, vstest.console.dll, LengthPrefixCommunicationChannel.NotifyDataAvailable: New data are waiting to be received, but there is no subscriber to be notified. Not reading them from the stream.
TpTrace Verbose: 0 : 16616, 7, 2023/12/15, 09:03:26.032, 6819368289, vstest.console.dll, TcpClientExtensions.MessageLoopAsync: Polling on remoteEndPoint: 127.0.0.1:61246 localEndPoint: 127.0.0.1:61245
TpTrace Verbose: 0 : 16616, 7, 2023/12/15, 09:03:26.032, 6819369120, vstest.console.dll, TcpClientExtensions.MessageLoopAsync: NotifyDataAvailable remoteEndPoint: 127.0.0.1:61246 localEndPoint: 127.0.0.1:61245
TpTrace Verbose: 0 : 16616, 7, 2023/12/15, 09:03:26.032, 6819369848, vstest.console.dll, LengthPrefixCommunicationChannel.NotifyDataAvailable: New data are waiting to be received, but there is no subscriber to be notified. Not reading them from the stream.
TpTrace Verbose: 0 : 16616, 7, 2023/12/15, 09:03:26.032, 6819370551, vstest.console.dll, TcpClientExtensions.MessageLoopAsync: Polling on remoteEndPoint: 127.0.0.1:61246 localEndPoint: 127.0.0.1:61245
TpTrace Verbose: 0 : 16616, 7, 2023/12/15, 09:03:26.032, 6819371427, vstest.console.dll, TcpClientExtensions.MessageLoopAsync: NotifyDataAvailable remoteEndPoint: 127.0.0.1:61246 localEndPoint: 127.0.0.1:61245
TpTrace Verbose: 0 : 16616, 7, 2023/12/15, 09:03:26.032, 6819372175, vstest.console.dll, LengthPrefixCommunicationChannel.NotifyDataAvailable: New data are waiting to be received, but there is no subscriber to be notified. Not reading them from the stream.
TpTrace Verbose: 0 : 16616, 7, 2023/12/15, 09:03:26.032, 6819372871, vstest.console.dll, TcpClientExtensions.MessageLoopAsync: Polling on remoteEndPoint: 127.0.0.1:61246 localEndPoint: 127.0.0.1:61245
TpTrace Verbose: 0 : 16616, 7, 2023/12/15, 09:03:26.032, 6819373706, vstest.console.dll, TcpClientExtensions.MessageLoopAsync: NotifyDataAvailable remoteEndPoint: 127.0.0.1:61246 localEndPoint: 127.0.0.1:61245
TpTrace Verbose: 0 : 16616, 7, 2023/12/15, 09:03:26.033, 6819374421, vstest.console.dll, LengthPrefixCommunicationChannel.NotifyDataAvailable: New data are waiting to be received, but there is no subscriber to be notified. Not reading them from the stream.
TpTrace Verbose: 0 : 16616, 7, 2023/12/15, 09:03:26.033, 6819375110, vstest.console.dll, TcpClientExtensions.MessageLoopAsync: Polling on remoteEndPoint: 127.0.0.1:61246 localEndPoint: 127.0.0.1:61245
TpTrace Verbose: 0 : 16616, 7, 2023/12/15, 09:03:26.033, 6819375944, vstest.console.dll, TcpClientExtensions.MessageLoopAsync: NotifyDataAvailable remoteEndPoint: 127.0.0.1:61246 localEndPoint: 127.0.0.1:61245
TpTrace Verbose: 0 : 16616, 7, 2023/12/15, 09:03:26.033, 6819376657, vstest.console.dll, LengthPrefixCommunicationChannel.NotifyDataAvailable: New data are waiting to be received, but there is no subscriber to be notified. Not reading them from the stream.
TpTrace Verbose: 0 : 16616, 7, 2023/12/15, 09:03:26.033, 6819377390, vstest.console.dll, TcpClientExtensions.MessageLoopAsync: Polling on remoteEndPoint: 127.0.0.1:61246 localEndPoint: 127.0.0.1:61245
TpTrace Verbose: 0 : 16616, 7, 2023/12/15, 09:03:26.033, 6819378206, vstest.console.dll, TcpClientExtensions.MessageLoopAsync: NotifyDataAvailable remoteEndPoint: 127.0.0.1:61246 localEndPoint: 127.0.0.1:61245
TpTrace Verbose: 0 : 16616, 7, 2023/12/15, 09:03:26.033, 6819378745, vstest.console.dll, LengthPrefixCommunicationChannel.NotifyDataAvailable: New data are waiting to be received, but there is no subscriber to be notified. Not reading them from the stream.
TpTrace Verbose: 0 : 16616, 7, 2023/12/15, 09:03:26.033, 6819379253, vstest.console.dll, TcpClientExtensions.MessageLoopAsync: Polling on remoteEndPoint: 127.0.0.1:61246 localEndPoint: 127.0.0.1:61245
TpTrace Verbose: 0 : 16616, 7, 2023/12/15, 09:03:26.033, 6819379818, vstest.console.dll, TcpClientExtensions.MessageLoopAsync: NotifyDataAvailable remoteEndPoint: 127.0.0.1:61246 localEndPoint: 127.0.0.1:61245
TpTrace Verbose: 0 : 16616, 7, 2023/12/15, 09:03:26.033, 6819380315, vstest.console.dll, LengthPrefixCommunicationChannel.NotifyDataAvailable: New data are waiting to be received, but there is no subscriber to be notified. Not reading them from the stream.
TpTrace Verbose: 0 : 16616, 7, 2023/12/15, 09:03:26.033, 6819380829, vstest.console.dll, TcpClientExtensions.MessageLoopAsync: Polling on remoteEndPoint: 127.0.0.1:61246 localEndPoint: 127.0.0.1:61245
TpTrace Verbose: 0 : 16616, 7, 2023/12/15, 09:03:26.033, 6819381398, vstest.console.dll, TcpClientExtensions.MessageLoopAsync: NotifyDataAvailable remoteEndPoint: 127.0.0.1:61246 localEndPoint: 127.0.0.1:61245
TpTrace Verbose: 0 : 16616, 7, 2023/12/15, 09:03:26.033, 6819381890, vstest.console.dll, LengthPrefixCommunicationChannel.NotifyDataAvailable: New data are waiting to be received, but there is no subscriber to be notified. Not reading them from the stream.
TpTrace Verbose: 0 : 16616, 7, 2023/12/15, 09:03:26.033, 6819382392, vstest.console.dll, TcpClientExtensions.MessageLoopAsync: Polling on remoteEndPoint: 127.0.0.1:61246 localEndPoint: 127.0.0.1:61245
TpTrace Verbose: 0 : 16616, 7, 2023/12/15, 09:03:26.033, 6819383036, vstest.console.dll, TcpClientExtensions.MessageLoopAsync: NotifyDataAvailable remoteEndPoint: 127.0.0.1:61246 localEndPoint: 127.0.0.1:61245
TpTrace Verbose: 0 : 16616, 7, 2023/12/15, 09:03:26.033, 6819383583, vstest.console.dll, LengthPrefixCommunicationChannel.NotifyDataAvailable: New data are waiting to be received, but there is no subscriber to be notified. Not reading them from the stream.
TpTrace Verbose: 0 : 16616, 7, 2023/12/15, 09:03:26.033, 6819384112, vstest.console.dll, TcpClientExtensions.MessageLoopAsync: Polling on remoteEndPoint: 127.0.0.1:61246 localEndPoint: 127.0.0.1:61245
TpTrace Verbose: 0 : 16616, 7, 2023/12/15, 09:03:26.034, 6819384678, vstest.console.dll, TcpClientExtensions.MessageLoopAsync: NotifyDataAvailable remoteEndPoint: 127.0.0.1:61246 localEndPoint: 127.0.0.1:61245
TpTrace Verbose: 0 : 16616, 7, 2023/12/15, 09:03:26.034, 6819385182, vstest.console.dll, LengthPrefixCommunicationChannel.NotifyDataAvailable: New data are waiting to be received, but there is no subscriber to be notified. Not reading them from the stream.
TpTrace Verbose: 0 : 16616, 7, 2023/12/15, 09:03:26.034, 6819385684, vstest.console.dll, TcpClientExtensions.MessageLoopAsync: Polling on remoteEndPoint: 127.0.0.1:61246 localEndPoint: 127.0.0.1:61245
TpTrace Verbose: 0 : 16616, 7, 2023/12/15, 09:03:26.034, 6819386242, vstest.console.dll, TcpClientExtensions.MessageLoopAsync: NotifyDataAvailable remoteEndPoint: 127.0.0.1:61246 localEndPoint: 127.0.0.1:61245
TpTrace Verbose: 0 : 16616, 7, 2023/12/15, 09:03:26.034, 6819386750, vstest.console.dll, LengthPrefixCommunicationChannel.NotifyDataAvailable: New data are waiting to be received, but there is no subscriber to be notified. Not reading them from the stream.
TpTrace Verbose: 0 : 16616, 7, 2023/12/15, 09:03:26.034, 6819387253, vstest.console.dll, TcpClientExtensions.MessageLoopAsync: Polling on remoteEndPoint: 127.0.0.1:61246 localEndPoint: 127.0.0.1:61245
TpTrace Verbose: 0 : 16616, 7, 2023/12/15, 09:03:26.034, 6819387834, vstest.console.dll, TcpClientExtensions.MessageLoopAsync: NotifyDataAvailable remoteEndPoint: 127.0.0.1:61246 localEndPoint: 127.0.0.1:61245
TpTrace Verbose: 0 : 16616, 7, 2023/12/15, 09:03:26.034, 6819388404, vstest.console.dll, LengthPrefixCommunicationChannel.NotifyDataAvailable: New data are waiting to be received, but there is no subscriber to be notified. Not reading them from the stream.
TpTrace Verbose: 0 : 16616, 7, 2023/12/15, 09:03:26.034, 6819388903, vstest.console.dll, TcpClientExtensions.MessageLoopAsync: Polling on remoteEndPoint: 127.0.0.1:61246 localEndPoint: 127.0.0.1:61245
TpTrace Verbose: 0 : 16616, 7, 2023/12/15, 09:03:26.034, 6819389458, vstest.console.dll, TcpClientExtensions.MessageLoopAsync: NotifyDataAvailable remoteEndPoint: 127.0.0.1:61246 localEndPoint: 127.0.0.1:61245
TpTrace Verbose: 0 : 16616, 7, 2023/12/15, 09:03:26.034, 6819389976, vstest.console.dll, LengthPrefixCommunicationChannel.NotifyDataAvailable: New data are waiting to be received, but there is no subscriber to be notified. Not reading them from the stream.
TpTrace Verbose: 0 : 16616, 7, 2023/12/15, 09:03:26.034, 6819390654, vstest.console.dll, TcpClientExtensions.MessageLoopAsync: Polling on remoteEndPoint: 127.0.0.1:61246 localEndPoint: 127.0.0.1:61245
TpTrace Verbose: 0 : 16616, 7, 2023/12/15, 09:03:26.034, 6819391448, vstest.console.dll, TcpClientExtensions.MessageLoopAsync: NotifyDataAvailable remoteEndPoint: 127.0.0.1:61246 localEndPoint: 127.0.0.1:61245
TpTrace Verbose: 0 : 16616, 7, 2023/12/15, 09:03:26.034, 6819392129, vstest.console.dll, LengthPrefixCommunicationChannel.NotifyDataAvailable: New data are waiting to be received, but there is no subscriber to be notified. Not reading them from the stream.
TpTrace Verbose: 0 : 16616, 7, 2023/12/15, 09:03:26.034, 6819392828, vstest.console.dll, TcpClientExtensions.MessageLoopAsync: Polling on remoteEndPoint: 127.0.0.1:61246 localEndPoint: 127.0.0.1:61245
TpTrace Verbose: 0 : 16616, 5, 2023/12/15, 09:03:26.034, 6819387879, vstest.console.dll, TestRequestSender.InitializeExecution: Sending initialize execution with message: {"Version":7,"MessageType":"TestExecution.Initialize","Payload":["C:\\Users\\Admin\\source\\repos\\Лаба 6\\TestLab6\\bin\\Debug\\net8.0\\fine-code-coverage\\build-output\\Microsoft.Playwright.TestAdapter.dll","C:\\Users\\Admin\\source\\repos\\Лаба 6\\TestLab6\\bin\\Debug\\net8.0\\fine-code-coverage\\build-output\\Microsoft.VisualStudio.TestPlatform.MSTest.TestAdapter.dll"]}
TpTrace Verbose: 0 : 16616, 7, 2023/12/15, 09:03:26.034, 6819393746, vstest.console.dll, TcpClientExtensions.MessageLoopAsync: NotifyDataAvailable remoteEndPoint: 127.0.0.1:61246 localEndPoint: 127.0.0.1:61245
TpTrace Verbose: 0 : 16616, 7, 2023/12/15, 09:03:26.035, 6819395804, vstest.console.dll, LengthPrefixCommunicationChannel.NotifyDataAvailable: New data are waiting to be received, but there is no subscriber to be notified. Not reading them from the stream.
TpTrace Verbose: 0 : 16616, 7, 2023/12/15, 09:03:26.035, 6819396483, vstest.console.dll, TcpClientExtensions.MessageLoopAsync: Polling on remoteEndPoint: 127.0.0.1:61246 localEndPoint: 127.0.0.1:61245
TpTrace Verbose: 0 : 16616, 5, 2023/12/15, 09:03:26.035, 6819396786, vstest.console.dll, ParallelProxyExecutionManager.StartTestRunOnConcurrentManager: Execution starting. Started clients: 1
TpTrace Verbose: 0 : 16616, 7, 2023/12/15, 09:03:26.035, 6819397142, vstest.console.dll, TcpClientExtensions.MessageLoopAsync: NotifyDataAvailable remoteEndPoint: 127.0.0.1:61246 localEndPoint: 127.0.0.1:61245
TpTrace Verbose: 0 : 16616, 7, 2023/12/15, 09:03:26.035, 6819398252, vstest.console.dll, LengthPrefixCommunicationChannel.NotifyDataAvailable: New data are waiting to be received, but there is no subscriber to be notified. Not reading them from the stream.
TpTrace Verbose: 0 : 16616, 7, 2023/12/15, 09:03:26.035, 6819399179, vstest.console.dll, TcpClientExtensions.MessageLoopAsync: Polling on remoteEndPoint: 127.0.0.1:61246 localEndPoint: 127.0.0.1:61245
TpTrace Verbose: 0 : 16616, 7, 2023/12/15, 09:03:26.035, 6819400048, vstest.console.dll, TcpClientExtensions.MessageLoopAsync: NotifyDataAvailable remoteEndPoint: 127.0.0.1:61246 localEndPoint: 127.0.0.1:61245
TpTrace Verbose: 0 : 16616, 7, 2023/12/15, 09:03:26.035, 6819400712, vstest.console.dll, LengthPrefixCommunicationChannel.NotifyDataAvailable: New data are waiting to be received, but there is no subscriber to be notified. Not reading them from the stream.
TpTrace Verbose: 0 : 16616, 7, 2023/12/15, 09:03:26.035, 6819401374, vstest.console.dll, TcpClientExtensions.MessageLoopAsync: Polling on remoteEndPoint: 127.0.0.1:61246 localEndPoint: 127.0.0.1:61245
TpTrace Verbose: 0 : 16616, 7, 2023/12/15, 09:03:26.035, 6819402221, vstest.console.dll, TcpClientExtensions.MessageLoopAsync: NotifyDataAvailable remoteEndPoint: 127.0.0.1:61246 localEndPoint: 127.0.0.1:61245
TpTrace Verbose: 0 : 16616, 7, 2023/12/15, 09:03:26.035, 6819402925, vstest.console.dll, LengthPrefixCommunicationChannel.NotifyDataAvailable: New data are waiting to be received, but there is no subscriber to be notified. Not reading them from the stream.
TpTrace Verbose: 0 : 16616, 7, 2023/12/15, 09:03:26.035, 6819403614, vstest.console.dll, TcpClientExtensions.MessageLoopAsync: Polling on remoteEndPoint: 127.0.0.1:61246 localEndPoint: 127.0.0.1:61245
TpTrace Verbose: 0 : 16616, 7, 2023/12/15, 09:03:26.036, 6819404428, vstest.console.dll, TcpClientExtensions.MessageLoopAsync: NotifyDataAvailable remoteEndPoint: 127.0.0.1:61246 localEndPoint: 127.0.0.1:61245
TpTrace Verbose: 0 : 16616, 7, 2023/12/15, 09:03:26.036, 6819405106, vstest.console.dll, LengthPrefixCommunicationChannel.NotifyDataAvailable: New data are waiting to be received, but there is no subscriber to be notified. Not reading them from the stream.
TpTrace Verbose: 0 : 16616, 7, 2023/12/15, 09:03:26.036, 6819405798, vstest.console.dll, TcpClientExtensions.MessageLoopAsync: Polling on remoteEndPoint: 127.0.0.1:61246 localEndPoint: 127.0.0.1:61245
TpTrace Verbose: 0 : 16616, 7, 2023/12/15, 09:03:26.036, 6819406718, vstest.console.dll, TcpClientExtensions.MessageLoopAsync: NotifyDataAvailable remoteEndPoint: 127.0.0.1:61246 localEndPoint: 127.0.0.1:61245
TpTrace Verbose: 0 : 16616, 7, 2023/12/15, 09:03:26.036, 6819407427, vstest.console.dll, LengthPrefixCommunicationChannel.NotifyDataAvailable: New data are waiting to be received, but there is no subscriber to be notified. Not reading them from the stream.
TpTrace Verbose: 0 : 16616, 7, 2023/12/15, 09:03:26.036, 6819408085, vstest.console.dll, TcpClientExtensions.MessageLoopAsync: Polling on remoteEndPoint: 127.0.0.1:61246 localEndPoint: 127.0.0.1:61245
TpTrace Verbose: 0 : 16616, 7, 2023/12/15, 09:03:26.036, 6819408880, vstest.console.dll, TcpClientExtensions.MessageLoopAsync: NotifyDataAvailable remoteEndPoint: 127.0.0.1:61246 localEndPoint: 127.0.0.1:61245
TpTrace Verbose: 0 : 16616, 7, 2023/12/15, 09:03:26.036, 6819409603, vstest.console.dll, LengthPrefixCommunicationChannel.NotifyDataAvailable: New data are waiting to be received, but there is no subscriber to be notified. Not reading them from the stream.
TpTrace Verbose: 0 : 16616, 7, 2023/12/15, 09:03:26.036, 6819410363, vstest.console.dll, TcpClientExtensions.MessageLoopAsync: Polling on remoteEndPoint: 127.0.0.1:61246 localEndPoint: 127.0.0.1:61245
TpTrace Verbose: 0 : 16616, 5, 2023/12/15, 09:03:26.036, 6819410598, vstest.console.dll, TestRunRequest:SendTestRunMessage: Starting.
TpTrace Verbose: 0 : 16616, 7, 2023/12/15, 09:03:26.036, 6819411336, vstest.console.dll, TcpClientExtensions.MessageLoopAsync: NotifyDataAvailable remoteEndPoint: 127.0.0.1:61246 localEndPoint: 127.0.0.1:61245
TpTrace Verbose: 0 : 16616, 7, 2023/12/15, 09:03:26.036, 6819413194, vstest.console.dll, LengthPrefixCommunicationChannel.NotifyDataAvailable: New data are waiting to be received, but there is no subscriber to be notified. Not reading them from the stream.
TpTrace Verbose: 0 : 16616, 7, 2023/12/15, 09:03:26.036, 6819414018, vstest.console.dll, TcpClientExtensions.MessageLoopAsync: Polling on remoteEndPoint: 127.0.0.1:61246 localEndPoint: 127.0.0.1:61245
TpTrace Verbose: 0 : 16616, 7, 2023/12/15, 09:03:26.037, 6819414988, vstest.console.dll, TcpClientExtensions.MessageLoopAsync: NotifyDataAvailable remoteEndPoint: 127.0.0.1:61246 localEndPoint: 127.0.0.1:61245
TpTrace Verbose: 0 : 16616, 7, 2023/12/15, 09:03:26.037, 6819415682, vstest.console.dll, LengthPrefixCommunicationChannel.NotifyDataAvailable: New data are waiting to be received, but there is no subscriber to be notified. Not reading them from the stream.
TpTrace Verbose: 0 : 16616, 7, 2023/12/15, 09:03:26.037, 6819416359, vstest.console.dll, TcpClientExtensions.MessageLoopAsync: Polling on remoteEndPoint: 127.0.0.1:61246 localEndPoint: 127.0.0.1:61245
TpTrace Verbose: 0 : 16616, 7, 2023/12/15, 09:03:26.037, 6819417167, vstest.console.dll, TcpClientExtensions.MessageLoopAsync: NotifyDataAvailable remoteEndPoint: 127.0.0.1:61246 localEndPoint: 127.0.0.1:61245
TpTrace Verbose: 0 : 16616, 7, 2023/12/15, 09:03:26.037, 6819417891, vstest.console.dll, LengthPrefixCommunicationChannel.NotifyDataAvailable: New data are waiting to be received, but there is no subscriber to be notified. Not reading them from the stream.
TpTrace Verbose: 0 : 16616, 7, 2023/12/15, 09:03:26.037, 6819418654, vstest.console.dll, TcpClientExtensions.MessageLoopAsync: Polling on remoteEndPoint: 127.0.0.1:61246 localEndPoint: 127.0.0.1:61245
TpTrace Verbose: 0 : 16616, 4, 2023/12/15, 09:03:26.037, 6819417469, vstest.console.dll, MulticastDelegateUtilities.SafeInvoke: InternalTestLoggerEvents.SendTestRunMessage: Invoking callback 1/1 for Microsoft.VisualStudio.TestPlatform.CommandLine.Internal.ConsoleLogger., took 0 ms.
TpTrace Verbose: 0 : 16616, 5, 2023/12/15, 09:03:26.036, 6819414074, vstest.console.dll, MulticastDelegateUtilities.SafeInvoke: TestRun.LogMessages: Invoking callback 1/1 for Microsoft.VisualStudio.TestPlatform.CommandLine.TestRunResultAggregator., took 0 ms.
TpTrace Information: 0 : 16616, 5, 2023/12/15, 09:03:26.037, 6819421387, vstest.console.dll, TestRunRequest:SendTestRunMessage: Completed.
TpTrace Verbose: 0 : 16616, 7, 2023/12/15, 09:03:26.037, 6819421729, vstest.console.dll, TcpClientExtensions.MessageLoopAsync: NotifyDataAvailable remoteEndPoint: 127.0.0.1:61246 localEndPoint: 127.0.0.1:61245
TpTrace Verbose: 0 : 16616, 7, 2023/12/15, 09:03:26.037, 6819422980, vstest.console.dll, LengthPrefixCommunicationChannel.NotifyDataAvailable: New data are waiting to be received, but there is no subscriber to be notified. Not reading them from the stream.
TpTrace Verbose: 0 : 16616, 7, 2023/12/15, 09:03:26.037, 6819424083, vstest.console.dll, TcpClientExtensions.MessageLoopAsync: Polling on remoteEndPoint: 127.0.0.1:61246 localEndPoint: 127.0.0.1:61245
TpTrace Verbose: 0 : 16616, 7, 2023/12/15, 09:03:26.038, 6819425088, vstest.console.dll, TcpClientExtensions.MessageLoopAsync: NotifyDataAvailable remoteEndPoint: 127.0.0.1:61246 localEndPoint: 127.0.0.1:61245
TpTrace Verbose: 0 : 16616, 7, 2023/12/15, 09:03:26.038, 6819425680, vstest.console.dll, LengthPrefixCommunicationChannel.NotifyDataAvailable: New data are waiting to be received, but there is no subscriber to be notified. Not reading them from the stream.
TpTrace Verbose: 0 : 16616, 7, 2023/12/15, 09:03:26.038, 6819426298, vstest.console.dll, TcpClientExtensions.MessageLoopAsync: Polling on remoteEndPoint: 127.0.0.1:61246 localEndPoint: 127.0.0.1:61245
TpTrace Verbose: 0 : 16616, 7, 2023/12/15, 09:03:26.038, 6819426995, vstest.console.dll, TcpClientExtensions.MessageLoopAsync: NotifyDataAvailable remoteEndPoint: 127.0.0.1:61246 localEndPoint: 127.0.0.1:61245
TpTrace Verbose: 0 : 16616, 7, 2023/12/15, 09:03:26.038, 6819427586, vstest.console.dll, LengthPrefixCommunicationChannel.NotifyDataAvailable: New data are waiting to be received, but there is no subscriber to be notified. Not reading them from the stream.
TpTrace Verbose: 0 : 16616, 7, 2023/12/15, 09:03:26.038, 6819428188, vstest.console.dll, TcpClientExtensions.MessageLoopAsync: Polling on remoteEndPoint: 127.0.0.1:61246 localEndPoint: 127.0.0.1:61245
TpTrace Verbose: 0 : 16616, 7, 2023/12/15, 09:03:26.038, 6819428894, vstest.console.dll, TcpClientExtensions.MessageLoopAsync: NotifyDataAvailable remoteEndPoint: 127.0.0.1:61246 localEndPoint: 127.0.0.1:61245
TpTrace Warning: 0 : 16616, 5, 2023/12/15, 09:03:26.038, 6819429423, vstest.console.dll, InferRunSettingsHelper.MakeRunsettingsCompatible: Removing the following settings: TargetPlatform from RunSettings file. To use those settings please move to latest version of Microsoft.NET.Test.Sdk
TpTrace Verbose: 0 : 16616, 7, 2023/12/15, 09:03:26.038, 6819429546, vstest.console.dll, LengthPrefixCommunicationChannel.NotifyDataAvailable: New data are waiting to be received, but there is no subscriber to be notified. Not reading them from the stream.
TpTrace Verbose: 0 : 16616, 7, 2023/12/15, 09:03:26.038, 6819431699, vstest.console.dll, TcpClientExtensions.MessageLoopAsync: Polling on remoteEndPoint: 127.0.0.1:61246 localEndPoint: 127.0.0.1:61245
TpTrace Verbose: 0 : 16616, 7, 2023/12/15, 09:03:26.038, 6819432418, vstest.console.dll, TcpClientExtensions.MessageLoopAsync: NotifyDataAvailable remoteEndPoint: 127.0.0.1:61246 localEndPoint: 127.0.0.1:61245
TpTrace Verbose: 0 : 16616, 7, 2023/12/15, 09:03:26.038, 6819432877, vstest.console.dll, LengthPrefixCommunicationChannel.NotifyDataAvailable: New data are waiting to be received, but there is no subscriber to be notified. Not reading them from the stream.
TpTrace Verbose: 0 : 16616, 7, 2023/12/15, 09:03:26.038, 6819433325, vstest.console.dll, TcpClientExtensions.MessageLoopAsync: Polling on remoteEndPoint: 127.0.0.1:61246 localEndPoint: 127.0.0.1:61245
TpTrace Verbose: 0 : 16616, 7, 2023/12/15, 09:03:26.038, 6819433824, vstest.console.dll, TcpClientExtensions.MessageLoopAsync: NotifyDataAvailable remoteEndPoint: 127.0.0.1:61246 localEndPoint: 127.0.0.1:61245
TpTrace Verbose: 0 : 16616, 7, 2023/12/15, 09:03:26.038, 6819434286, vstest.console.dll, LengthPrefixCommunicationChannel.NotifyDataAvailable: New data are waiting to be received, but there is no subscriber to be notified. Not reading them from the stream.
TpTrace Verbose: 0 : 16616, 7, 2023/12/15, 09:03:26.039, 6819434795, vstest.console.dll, TcpClientExtensions.MessageLoopAsync: Polling on remoteEndPoint: 127.0.0.1:61246 localEndPoint: 127.0.0.1:61245
TpTrace Verbose: 0 : 16616, 7, 2023/12/15, 09:03:26.039, 6819435337, vstest.console.dll, TcpClientExtensions.MessageLoopAsync: NotifyDataAvailable remoteEndPoint: 127.0.0.1:61246 localEndPoint: 127.0.0.1:61245
TpTrace Verbose: 0 : 16616, 7, 2023/12/15, 09:03:26.039, 6819435782, vstest.console.dll, LengthPrefixCommunicationChannel.NotifyDataAvailable: New data are waiting to be received, but there is no subscriber to be notified. Not reading them from the stream.
TpTrace Verbose: 0 : 16616, 7, 2023/12/15, 09:03:26.039, 6819436223, vstest.console.dll, TcpClientExtensions.MessageLoopAsync: Polling on remoteEndPoint: 127.0.0.1:61246 localEndPoint: 127.0.0.1:61245
TpTrace Verbose: 0 : 16616, 7, 2023/12/15, 09:03:26.039, 6819436714, vstest.console.dll, TcpClientExtensions.MessageLoopAsync: NotifyDataAvailable remoteEndPoint: 127.0.0.1:61246 localEndPoint: 127.0.0.1:61245
TpTrace Verbose: 0 : 16616, 7, 2023/12/15, 09:03:26.039, 6819437167, vstest.console.dll, LengthPrefixCommunicationChannel.NotifyDataAvailable: New data are waiting to be received, but there is no subscriber to be notified. Not reading them from the stream.
TpTrace Verbose: 0 : 16616, 7, 2023/12/15, 09:03:26.039, 6819437604, vstest.console.dll, TcpClientExtensions.MessageLoopAsync: Polling on remoteEndPoint: 127.0.0.1:61246 localEndPoint: 127.0.0.1:61245
TpTrace Verbose: 0 : 16616, 7, 2023/12/15, 09:03:26.039, 6819438092, vstest.console.dll, TcpClientExtensions.MessageLoopAsync: NotifyDataAvailable remoteEndPoint: 127.0.0.1:61246 localEndPoint: 127.0.0.1:61245
TpTrace Verbose: 0 : 16616, 7, 2023/12/15, 09:03:26.039, 6819442890, vstest.console.dll, TestRequestSender.OnExecutionMessageReceived: Received message: {"Version":7,"MessageType":"TestSession.Message","Payload":{"MessageLevel":0,"Message":"Ведение журналов диагностики TestHost в файле: C:\\Users\\Admin\\source\\repos\\Лаба 6\\TestLab6\\bin\\Debug\\net8.0\\fine-code-coverage\\coverage-tool-output\\diagnostics.host.23-12-15_09-03-25_45458_5.log"}}
TpTrace Verbose: 0 : 16616, 7, 2023/12/15, 09:03:26.049, 6819534669, vstest.console.dll, TestRunRequest:SendTestRunMessage: Starting.
TpTrace Verbose: 0 : 16616, 7, 2023/12/15, 09:03:26.049, 6819537479, vstest.console.dll, MulticastDelegateUtilities.SafeInvoke: TestRun.LogMessages: Invoking callback 1/1 for Microsoft.VisualStudio.TestPlatform.CommandLine.TestRunResultAggregator., took 0 ms.
TpTrace Verbose: 0 : 16616, 4, 2023/12/15, 09:03:26.049, 6819537761, vstest.console.dll, MulticastDelegateUtilities.SafeInvoke: InternalTestLoggerEvents.SendTestRunMessage: Invoking callback 1/1 for Microsoft.VisualStudio.TestPlatform.CommandLine.Internal.ConsoleLogger., took 0 ms.
TpTrace Information: 0 : 16616, 7, 2023/12/15, 09:03:26.049, 6819538611, vstest.console.dll, TestRunRequest:SendTestRunMessage: Completed.
TpTrace Verbose: 0 : 16616, 7, 2023/12/15, 09:03:26.049, 6819540699, vstest.console.dll, MulticastDelegateUtilities.SafeInvoke: LengthPrefixCommunicationChannel: MessageReceived: Invoking callback 1/1 for Microsoft.VisualStudio.TestPlatform.CommunicationUtilities.TestRequestSender+<>c__DisplayClass34_0., took 10 ms.
TpTrace Verbose: 0 : 16616, 7, 2023/12/15, 09:03:26.049, 6819541666, vstest.console.dll, TcpClientExtensions.MessageLoopAsync: Polling on remoteEndPoint: 127.0.0.1:61246 localEndPoint: 127.0.0.1:61245
TpTrace Verbose: 0 : 16616, 5, 2023/12/15, 09:03:26.055, 6819596830, vstest.console.dll, TestRequestSender.StartTestRun: Sending test run with message: {"Version":7,"MessageType":"TestExecution.StartWithSources","Payload":{"AdapterSourceMap":{"_none_":["C:\\Users\\Admin\\source\\repos\\Лаба 6\\TestLab6\\bin\\Debug\\net8.0\\fine-code-coverage\\build-output\\TestLab6.dll"]},"RunSettings":"<RunSettings>\r\n  <RunConfiguration>\r\n    <ResultsDirectory>C:\\Users\\Admin\\source\\repos\\Лаба 6\\TestLab6\\bin\\Debug\\net8.0\\fine-code-coverage\\coverage-tool-output</ResultsDirectory>\r\n    <TargetFrameworkVersion>.NETCoreApp,Version=v8.0</TargetFrameworkVersion>\r\n    <DesignMode>False</DesignMode>\r\n    <CollectSourceInformation>False</CollectSourceInformation>\r\n  </RunConfiguration>\r\n  <LoggerRunSettings>\r\n    <Loggers>\r\n      <Logger friendlyName=\"blame\" enabled=\"True\" />\r\n      <Logger friendlyName=\"Console\" uri=\"logger://microsoft/TestPlatform/ConsoleLogger/v1\" assemblyQualifiedName=\"Microsoft.VisualStudio.TestPlatform.CommandLine.Internal.ConsoleLogger, vstest.console, Version=15.0.0.0, Culture=neutral, PublicKeyToken=b03f5f7f11d50a3a\" codeBase=\"C:\\Program Files\\dotnet\\sdk\\8.0.100\\vstest.console.dll\" enabled=\"True\" />\r\n    </Loggers>\r\n  </LoggerRunSettings>\r\n  <DataCollectionRunSettings>\r\n    <DataCollectors>\r\n      <DataCollector friendlyName=\"blame\" enabled=\"True\">\r\n        <Configuration>\r\n          <ResultsDirectory>C:\\Users\\Admin\\source\\repos\\Лаба 6\\TestLab6\\bin\\Debug\\net8.0\\fine-code-coverage\\coverage-tool-output</ResultsDirectory>\r\n        </Configuration>\r\n      </DataCollector>\r\n    </DataCollectors>\r\n  </DataCollectionRunSettings>\r\n</RunSettings>","TestExecutionContext":{"FrequencyOfRunStatsChangeEvent":10,"RunStatsChangeEventTimeout":"00:00:01.5000000","InIsolation":false,"KeepAlive":false,"AreTestCaseLevelEventsRequired":false,"IsDebug":false,"TestCaseFilter":null,"FilterOptions":null},"Package":null}}
TpTrace Verbose: 0 : 16616, 5, 2023/12/15, 09:03:26.055, 6819600011, vstest.console.dll, ParallelProxyExecutionManager.StartTestRunOnConcurrentManager: Execution started. Started clients: 1
TpTrace Verbose: 0 : 16616, 7, 2023/12/15, 09:03:26.600, 6825050433, vstest.console.dll, TcpClientExtensions.MessageLoopAsync: NotifyDataAvailable remoteEndPoint: 127.0.0.1:61246 localEndPoint: 127.0.0.1:61245
TpTrace Verbose: 0 : 16616, 7, 2023/12/15, 09:03:26.601, 6825059211, vstest.console.dll, TestRequestSender.OnExecutionMessageReceived: Received message: {"Version":7,"MessageType":"TestExecution.StatsChange","Payload":{"NewTestResults":[{"TestCase":{"Id":"b9aa6002-d7e0-b121-abfe-ab12020bc4de","FullyQualifiedName":"TestLab6.Test2.Test","DisplayName":"Test","ExecutorUri":"executor://MSTestAdapter/v2","Source":"C:\\Users\\Admin\\source\\repos\\Лаба 6\\TestLab6\\bin\\Debug\\net8.0\\fine-code-coverage\\build-output\\TestLab6.dll","CodeFilePath":null,"LineNumber":-1,"Properties":[{"Key":{"Id":"TestCase.ManagedType","Label":"ManagedType","Category":"","Description":"","Attributes":1,"ValueType":"System.String"},"Value":"TestLab6.Test2"},{"Key":{"Id":"TestCase.ManagedMethod","Label":"ManagedMethod","Category":"","Description":"","Attributes":1,"ValueType":"System.String"},"Value":"Test"},{"Key":{"Id":"MSTestDiscoverer.TestClassName","Label":"ClassName","Category":"","Description":"","Attributes":1,"ValueType":"System.String"},"Value":"TestLab6.Test2"},{"Key":{"Id":"TestCase.Hierarchy","Label":"Hierarchy","Category":"","Description":"","Attributes":2,"ValueType":"System.String[]"},"Value":[null,"TestLab6","Test2","Test"]},{"Key":{"Id":"TestObject.Traits","Label":"Признаки","Category":"","Description":"","Attributes":5,"ValueType":"System.Collections.Generic.KeyValuePair`2[[System.String],[System.String]][]"},"Value":[]},{"Key":{"Id":"MSTest.TestIdGenerationStrategy","Label":"TestIdGenerationStrategy","Category":"","Description":"","Attributes":1,"ValueType":"System.Int32"},"Value":2}]},"Attachments":[],"Outcome":1,"ErrorMessage":null,"ErrorStackTrace":null,"DisplayName":"Test","Messages":[],"ComputerName":"DESKTOP-SADKN36","Duration":"00:00:00.0119299","StartTime":"2023-12-15T09:03:26.4350669+05:00","EndTime":"2023-12-15T09:03:26.4665673+05:00","Properties":[{"Key":{"Id":"ExecutionId","Label":"ExecutionId","Category":"","Description":"","Attributes":1,"ValueType":"System.Guid"},"Value":"00000000-0000-0000-0000-000000000000"},{"Key":{"Id":"ParentExecId","Label":"ParentExecId","Category":"","Description":"","Attributes":1,"ValueType":"System.Guid"},"Value":"00000000-0000-0000-0000-000000000000"},{"Key":{"Id":"InnerResultsCount","Label":"InnerResultsCount","Category":"","Description":"","Attributes":1,"ValueType":"System.Int32"},"Value":0}]},{"TestCase":{"Id":"810331b7-66d1-0099-14cc-b6bc1bec8d1a","FullyQualifiedName":"TestLab6.Test1.TestMenu11","DisplayName":"TestMenu11","ExecutorUri":"executor://MSTestAdapter/v2","Source":"C:\\Users\\Admin\\source\\repos\\Лаба 6\\TestLab6\\bin\\Debug\\net8.0\\fine-code-coverage\\build-output\\TestLab6.dll","CodeFilePath":null,"LineNumber":-1,"Properties":[{"Key":{"Id":"TestCase.ManagedType","Label":"ManagedType","Category":"","Description":"","Attributes":1,"ValueType":"System.String"},"Value":"TestLab6.Test1"},{"Key":{"Id":"TestCase.ManagedMethod","Label":"ManagedMethod","Category":"","Description":"","Attributes":1,"ValueType":"System.String"},"Value":"TestMenu11"},{"Key":{"Id":"MSTestDiscoverer.TestClassName","Label":"ClassName","Category":"","Description":"","Attributes":1,"ValueType":"System.String"},"Value":"TestLab6.Test1"},{"Key":{"Id":"TestCase.Hierarchy","Label":"Hierarchy","Category":"","Description":"","Attributes":2,"ValueType":"System.String[]"},"Value":[null,"TestLab6","Test1","TestMenu11"]},{"Key":{"Id":"TestObject.Traits","Label":"Признаки","Category":"","Description":"","Attributes":5,"ValueType":"System.Collections.Generic.KeyValuePair`2[[System.String],[System.String]][]"},"Value":[]},{"Key":{"Id":"MSTest.TestIdGenerationStrategy","Label":"TestIdGenerationStrategy","Category":"","Description":"","Attributes":1,"ValueType":"System.Int32"},"Value":2}]},"Attachments":[],"Outcome":1,"ErrorMessage":null,"ErrorStackTrace":null,"DisplayName":"TestMenu11","Messages":[],"ComputerName":"DESKTOP-SADKN36","Duration":"00:00:00.0045847","StartTime":"2023-12-15T09:03:26.4978615+05:00","EndTime":"2023-12-15T09:03:26.5031112+05:00","Properties":[{"Key":{"Id":"ExecutionId","Label":"ExecutionId","Category":"","Description":"","Attributes":1,"ValueType":"System.Guid"},"Value":"00000000-0000-0000-0000-000000000000"},{"Key":{"Id":"ParentExecId","Label":"ParentExecId","Category":"","Description":"","Attributes":1,"ValueType":"System.Guid"},"Value":"00000000-0000-0000-0000-000000000000"},{"Key":{"Id":"InnerResultsCount","Label":"InnerResultsCount","Category":"","Description":"","Attributes":1,"ValueType":"System.Int32"},"Value":0}]},{"TestCase":{"Id":"4c1091e1-7ec7-5f78-6c7b-f13274be253c","FullyQualifiedName":"TestLab6.Test1.TestMenu12","DisplayName":"TestMenu12","ExecutorUri":"executor://MSTestAdapter/v2","Source":"C:\\Users\\Admin\\source\\repos\\Лаба 6\\TestLab6\\bin\\Debug\\net8.0\\fine-code-coverage\\build-output\\TestLab6.dll","CodeFilePath":null,"LineNumber":-1,"Properties":[{"Key":{"Id":"TestCase.ManagedType","Label":"ManagedType","Category":"","Description":"","Attributes":1,"ValueType":"System.String"},"Value":"TestLab6.Test1"},{"Key":{"Id":"TestCase.ManagedMethod","Label":"ManagedMethod","Category":"","Description":"","Attributes":1,"ValueType":"System.String"},"Value":"TestMenu12"},{"Key":{"Id":"MSTestDiscoverer.TestClassName","Label":"ClassName","Category":"","Description":"","Attributes":1,"ValueType":"System.String"},"Value":"TestLab6.Test1"},{"Key":{"Id":"TestCase.Hierarchy","Label":"Hierarchy","Category":"","Description":"","Attributes":2,"ValueType":"System.String[]"},"Value":[null,"TestLab6","Test1","TestMenu12"]},{"Key":{"Id":"TestObject.Traits","Label":"Признаки","Category":"","Description":"","Attributes":5,"ValueType":"System.Collections.Generic.KeyValuePair`2[[System.String],[System.String]][]"},"Value":[]},{"Key":{"Id":"MSTest.TestIdGenerationStrategy","Label":"TestIdGenerationStrategy","Category":"","Description":"","Attributes":1,"ValueType":"System.Int32"},"Value":2}]},"Attachments":[],"Outcome":1,"ErrorMessage":null,"ErrorStackTrace":null,"DisplayName":"TestMenu12","Messages":[{"Category":"StdOutMsgs","Text":"Режим РУЧНОГО заполнения\r\n\n[Работа с двумерным массивом \"char\"]\n1. Создать массив.\n2. Отобразить массив.\n3. Удалить строки без цифр.\n4. Вернуться.\r\nВведите : \r\nВведите кол-во строк массива: \r\nВведите кол-во столбцов массива: \r\nВведите символ: \r\nВведите символ: \r\nВведите символ: \r\nВведите символ: \r\nМассив заполнен!\n\r\n"}],"ComputerName":"DESKTOP-SADKN36","Duration":"00:00:00.0007304","StartTime":"2023-12-15T09:03:26.5097612+05:00","EndTime":"2023-12-15T09:03:26.5108433+05:00","Properties":[{"Key":{"Id":"ExecutionId","Label":"ExecutionId","Category":"","Description":"","Attributes":1,"ValueType":"System.Guid"},"Value":"00000000-0000-0000-0000-000000000000"},{"Key":{"Id":"ParentExecId","Label":"ParentExecId","Category":"","Description":"","Attributes":1,"ValueType":"System.Guid"},"Value":"00000000-0000-0000-0000-000000000000"},{"Key":{"Id":"InnerResultsCount","Label":"InnerResultsCount","Category":"","Description":"","Attributes":1,"ValueType":"System.Int32"},"Value":0}]},{"TestCase":{"Id":"11210f53-ed29-c0bc-016e-1eff7b668051","FullyQualifiedName":"TestLab6.Test1.TestMenu13","DisplayName":"TestMenu13","ExecutorUri":"executor://MSTestAdapter/v2","Source":"C:\\Users\\Admin\\source\\repos\\Лаба 6\\TestLab6\\bin\\Debug\\net8.0\\fine-code-coverage\\build-output\\TestLab6.dll","CodeFilePath":null,"LineNumber":-1,"Properties":[{"Key":{"Id":"TestCase.ManagedType","Label":"ManagedType","Category":"","Description":"","Attributes":1,"ValueType":"System.String"},"Value":"TestLab6.Test1"},{"Key":{"Id":"TestCase.ManagedMethod","Label":"ManagedMethod","Category":"","Description":"","Attributes":1,"ValueType":"System.String"},"Value":"TestMenu13"},{"Key":{"Id":"MSTestDiscoverer.TestClassName","Label":"ClassName","Category":"","Description":"","Attributes":1,"ValueType":"System.String"},"Value":"TestLab6.Test1"},{"Key":{"Id":"TestCase.Hierarchy","Label":"Hierarchy","Category":"","Description":"","Attributes":2,"ValueType":"System.String[]"},"Value":[null,"TestLab6","Test1","TestMenu13"]},{"Key":{"Id":"TestObject.Traits","Label":"Признаки","Category":"","Description":"","Attributes":5,"ValueType":"System.Collections.Generic.KeyValuePair`2[[System.String],[System.String]][]"},"Value":[]},{"Key":{"Id":"MSTest.TestIdGenerationStrategy","Label":"TestIdGenerationStrategy","Category":"","Description":"","Attributes":1,"ValueType":"System.Int32"},"Value":2}]},"Attachments":[],"Outcome":1,"ErrorMessage":null,"ErrorStackTrace":null,"DisplayName":"TestMenu13","Messages":[],"ComputerName":"DESKTOP-SADKN36","Duration":"00:00:00.0022280","StartTime":"2023-12-15T09:03:26.5166759+05:00","EndTime":"2023-12-15T09:03:26.5192983+05:00","Properties":[{"Key":{"Id":"ExecutionId","Label":"ExecutionId","Category":"","Description":"","Attributes":1,"ValueType":"System.Guid"},"Value":"00000000-0000-0000-0000-000000000000"},{"Key":{"Id":"ParentExecId","Label":"ParentExecId","Category":"","Description":"","Attributes":1,"ValueType":"System.Guid"},"Value":"00000000-0000-0000-0000-000000000000"},{"Key":{"Id":"InnerResultsCount","Label":"InnerResultsCount","Category":"","Description":"","Attributes":1,"ValueType":"System.Int32"},"Value":0}]},{"TestCase":{"Id":"a5d2c6f0-3a8b-098b-f89b-342feb3429c2","FullyQualifiedName":"TestLab6.Test1.TestMenu14","DisplayName":"TestMenu14","ExecutorUri":"executor://MSTestAdapter/v2","Source":"C:\\Users\\Admin\\source\\repos\\Лаба 6\\TestLab6\\bin\\Debug\\net8.0\\fine-code-coverage\\build-output\\TestLab6.dll","CodeFilePath":null,"LineNumber":-1,"Properties":[{"Key":{"Id":"TestCase.ManagedType","Label":"ManagedType","Category":"","Description":"","Attributes":1,"ValueType":"System.String"},"Value":"TestLab6.Test1"},{"Key":{"Id":"TestCase.ManagedMethod","Label":"ManagedMethod","Category":"","Description":"","Attributes":1,"ValueType":"System.String"},"Value":"TestMenu14"},{"Key":{"Id":"MSTestDiscoverer.TestClassName","Label":"ClassName","Category":"","Description":"","Attributes":1,"ValueType":"System.String"},"Value":"TestLab6.Test1"},{"Key":{"Id":"TestCase.Hierarchy","Label":"Hierarchy","Category":"","Description":"","Attributes":2,"ValueType":"System.String[]"},"Value":[null,"TestLab6","Test1","TestMenu14"]},{"Key":{"Id":"TestObject.Traits","Label":"Признаки","Category":"","Description":"","Attributes":5,"ValueType":"System.Collections.Generic.KeyValuePair`2[[System.String],[System.String]][]"},"Value":[]},{"Key":{"Id":"MSTest.TestIdGenerationStrategy","Label":"TestIdGenerationStrategy","Category":"","Description":"","Attributes":1,"ValueType":"System.Int32"},"Value":2}]},"Attachments":[],"Outcome":1,"ErrorMessage":null,"ErrorStackTrace":null,"DisplayName":"TestMenu14","Messages":[],"ComputerName":"DESKTOP-SADKN36","Duration":"00:00:00.0003647","StartTime":"2023-12-15T09:03:26.5245485+05:00","EndTime":"2023-12-15T09:03:26.525262+05:00","Properties":[{"Key":{"Id":"ExecutionId","Label":"ExecutionId","Category":"","Description":"","Attributes":1,"ValueType":"System.Guid"},"Value":"00000000-0000-0000-0000-000000000000"},{"Key":{"Id":"ParentExecId","Label":"ParentExecId","Category":"","Description":"","Attributes":1,"ValueType":"System.Guid"},"Value":"00000000-0000-0000-0000-000000000000"},{"Key":{"Id":"InnerResultsCount","Label":"InnerResultsCount","Category":"","Description":"","Attributes":1,"ValueType":"System.Int32"},"Value":0}]},{"TestCase":{"Id":"e3d5fbcf-27fa-1f46-3120-b42e1ec33081","FullyQualifiedName":"TestLab6.Test1.TestMenu21","DisplayName":"TestMenu21","ExecutorUri":"executor://MSTestAdapter/v2","Source":"C:\\Users\\Admin\\source\\repos\\Лаба 6\\TestLab6\\bin\\Debug\\net8.0\\fine-code-coverage\\build-output\\TestLab6.dll","CodeFilePath":null,"LineNumber":-1,"Properties":[{"Key":{"Id":"TestCase.ManagedType","Label":"ManagedType","Category":"","Description":"","Attributes":1,"ValueType":"System.String"},"Value":"TestLab6.Test1"},{"Key":{"Id":"TestCase.ManagedMethod","Label":"ManagedMethod","Category":"","Description":"","Attributes":1,"ValueType":"System.String"},"Value":"TestMenu21"},{"Key":{"Id":"MSTestDiscoverer.TestClassName","Label":"ClassName","Category":"","Description":"","Attributes":1,"ValueType":"System.String"},"Value":"TestLab6.Test1"},{"Key":{"Id":"TestCase.Hierarchy","Label":"Hierarchy","Category":"","Description":"","Attributes":2,"ValueType":"System.String[]"},"Value":[null,"TestLab6","Test1","TestMenu21"]},{"Key":{"Id":"TestObject.Traits","Label":"Признаки","Category":"","Description":"","Attributes":5,"ValueType":"System.Collections.Generic.KeyValuePair`2[[System.String],[System.String]][]"},"Value":[]},{"Key":{"Id":"MSTest.TestIdGenerationStrategy","Label":"TestIdGenerationStrategy","Category":"","Description":"","Attributes":1,"ValueType":"System.Int32"},"Value":2}]},"Attachments":[],"Outcome":1,"ErrorMessage":null,"ErrorStackTrace":null,"DisplayName":"TestMenu21","Messages":[],"ComputerName":"DESKTOP-SADKN36","Duration":"00:00:00.0042335","StartTime":"2023-12-15T09:03:26.5304392+05:00","EndTime":"2023-12-15T09:03:26.5350954+05:00","Properties":[{"Key":{"Id":"ExecutionId","Label":"ExecutionId","Category":"","Description":"","Attributes":1,"ValueType":"System.Guid"},"Value":"00000000-0000-0000-0000-000000000000"},{"Key":{"Id":"ParentExecId","Label":"ParentExecId","Category":"","Description":"","Attributes":1,"ValueType":"System.Guid"},"Value":"00000000-0000-0000-0000-000000000000"},{"Key":{"Id":"InnerResultsCount","Label":"InnerResultsCount","Category":"","Description":"","Attributes":1,"ValueType":"System.Int32"},"Value":0}]},{"TestCase":{"Id":"dc9d328d-392f-ce05-da80-31b4b6ca60dd","FullyQualifiedName":"TestLab6.Test1.TestMenu22","DisplayName":"TestMenu22","ExecutorUri":"executor://MSTestAdapter/v2","Source":"C:\\Users\\Admin\\source\\repos\\Лаба 6\\TestLab6\\bin\\Debug\\net8.0\\fine-code-coverage\\build-output\\TestLab6.dll","CodeFilePath":null,"LineNumber":-1,"Properties":[{"Key":{"Id":"TestCase.ManagedType","Label":"ManagedType","Category":"","Description":"","Attributes":1,"ValueType":"System.String"},"Value":"TestLab6.Test1"},{"Key":{"Id":"TestCase.ManagedMethod","Label":"ManagedMethod","Category":"","Description":"","Attributes":1,"ValueType":"System.String"},"Value":"TestMenu22"},{"Key":{"Id":"MSTestDiscoverer.TestClassName","Label":"ClassName","Category":"","Description":"","Attributes":1,"ValueType":"System.String"},"Value":"TestLab6.Test1"},{"Key":{"Id":"TestCase.Hierarchy","Label":"Hierarchy","Category":"","Description":"","Attributes":2,"ValueType":"System.String[]"},"Value":[null,"TestLab6","Test1","TestMenu22"]},{"Key":{"Id":"TestObject.Traits","Label":"Признаки","Category":"","Description":"","Attributes":5,"ValueType":"System.Collections.Generic.KeyValuePair`2[[System.String],[System.String]][]"},"Value":[]},{"Key":{"Id":"MSTest.TestIdGenerationStrategy","Label":"TestIdGenerationStrategy","Category":"","Description":"","Attributes":1,"ValueType":"System.Int32"},"Value":2}]},"Attachments":[],"Outcome":1,"ErrorMessage":null,"ErrorStackTrace":null,"DisplayName":"TestMenu22","Messages":[{"Category":"StdOutMsgs","Text":"Режим РУЧНОГО заполнения\r\n\n[Работа с двумерным массивом \"char\"]\n1. Создать массив.\n2. Отобразить массив.\n3. Удалить строки без цифр.\n4. Вернуться.\r\nВведите : \r\nВведите строку: \r\nМассив заполнен!\n\r\n"}],"ComputerName":"DESKTOP-SADKN36","Duration":"00:00:00.0002076","StartTime":"2023-12-15T09:03:26.540459+05:00","EndTime":"2023-12-15T09:03:26.5409943+05:00","Properties":[{"Key":{"Id":"ExecutionId","Label":"ExecutionId","Category":"","Description":"","Attributes":1,"ValueType":"System.Guid"},"Value":"00000000-0000-0000-0000-000000000000"},{"Key":{"Id":"ParentExecId","Label":"ParentExecId","Category":"","Description":"","Attributes":1,"ValueType":"System.Guid"},"Value":"00000000-0000-0000-0000-000000000000"},{"Key":{"Id":"InnerResultsCount","Label":"InnerResultsCount","Category":"","Description":"","Attributes":1,"ValueType":"System.Int32"},"Value":0}]},{"TestCase":{"Id":"6817ee74-3805-955b-8cf9-b71e4d42a31f","FullyQualifiedName":"TestLab6.Test1.TestMenu23","DisplayName":"TestMenu23","ExecutorUri":"executor://MSTestAdapter/v2","Source":"C:\\Users\\Admin\\source\\repos\\Лаба 6\\TestLab6\\bin\\Debug\\net8.0\\fine-code-coverage\\build-output\\TestLab6.dll","CodeFilePath":null,"LineNumber":-1,"Properties":[{"Key":{"Id":"TestCase.ManagedType","Label":"ManagedType","Category":"","Description":"","Attributes":1,"ValueType":"System.String"},"Value":"TestLab6.Test1"},{"Key":{"Id":"TestCase.ManagedMethod","Label":"ManagedMethod","Category":"","Description":"","Attributes":1,"ValueType":"System.String"},"Value":"TestMenu23"},{"Key":{"Id":"MSTestDiscoverer.TestClassName","Label":"ClassName","Category":"","Description":"","Attributes":1,"ValueType":"System.String"},"Value":"TestLab6.Test1"},{"Key":{"Id":"TestCase.Hierarchy","Label":"Hierarchy","Category":"","Description":"","Attributes":2,"ValueType":"System.String[]"},"Value":[null,"TestLab6","Test1","TestMenu23"]},{"Key":{"Id":"TestObject.Traits","Label":"Признаки","Category":"","Description":"","Attributes":5,"ValueType":"System.Collections.Generic.KeyValuePair`2[[System.String],[System.String]][]"},"Value":[]},{"Key":{"Id":"MSTest.TestIdGenerationStrategy","Label":"TestIdGenerationStrategy","Category":"","Description":"","Attributes":1,"ValueType":"System.Int32"},"Value":2}]},"Attachments":[],"Outcome":1,"ErrorMessage":null,"ErrorStackTrace":null,"DisplayName":"TestMenu23","Messages":[],"ComputerName":"DESKTOP-SADKN36","Duration":"00:00:00.0007136","StartTime":"2023-12-15T09:03:26.5463999+05:00","EndTime":"2023-12-15T09:03:26.5475239+05:00","Properties":[{"Key":{"Id":"ExecutionId","Label":"ExecutionId","Category":"","Description":"","Attributes":1,"ValueType":"System.Guid"},"Value":"00000000-0000-0000-0000-000000000000"},{"Key":{"Id":"ParentExecId","Label":"ParentExecId","Category":"","Description":"","Attributes":1,"ValueType":"System.Guid"},"Value":"00000000-0000-0000-0000-000000000000"},{"Key":{"Id":"InnerResultsCount","Label":"InnerResultsCount","Category":"","Description":"","Attributes":1,"ValueType":"System.Int32"},"Value":0}]},{"TestCase":{"Id":"19128fc3-0c75-8da2-6bb2-44308c0de0f8","FullyQualifiedName":"TestLab6.Test1.TestMenu24","DisplayName":"TestMenu24","ExecutorUri":"executor://MSTestAdapter/v2","Source":"C:\\Users\\Admin\\source\\repos\\Лаба 6\\TestLab6\\bin\\Debug\\net8.0\\fine-code-coverage\\build-output\\TestLab6.dll","CodeFilePath":null,"LineNumber":-1,"Properties":[{"Key":{"Id":"TestCase.ManagedType","Label":"ManagedType","Category":"","Description":"","Attributes":1,"ValueType":"System.String"},"Value":"TestLab6.Test1"},{"Key":{"Id":"TestCase.ManagedMethod","Label":"ManagedMethod","Category":"","Description":"","Attributes":1,"ValueType":"System.String"},"Value":"TestMenu24"},{"Key":{"Id":"MSTestDiscoverer.TestClassName","Label":"ClassName","Category":"","Description":"","Attributes":1,"ValueType":"System.String"},"Value":"TestLab6.Test1"},{"Key":{"Id":"TestCase.Hierarchy","Label":"Hierarchy","Category":"","Description":"","Attributes":2,"ValueType":"System.String[]"},"Value":[null,"TestLab6","Test1","TestMenu24"]},{"Key":{"Id":"TestObject.Traits","Label":"Признаки","Category":"","Description":"","Attributes":5,"ValueType":"System.Collections.Generic.KeyValuePair`2[[System.String],[System.String]][]"},"Value":[]},{"Key":{"Id":"MSTest.TestIdGenerationStrategy","Label":"TestIdGenerationStrategy","Category":"","Description":"","Attributes":1,"ValueType":"System.Int32"},"Value":2}]},"Attachments":[],"Outcome":1,"ErrorMessage":null,"ErrorStackTrace":null,"DisplayName":"TestMenu24","Messages":[],"ComputerName":"DESKTOP-SADKN36","Duration":"00:00:00.0004654","StartTime":"2023-12-15T09:03:26.5535894+05:00","EndTime":"2023-12-15T09:03:26.5544696+05:00","Properties":[{"Key":{"Id":"ExecutionId","Label":"ExecutionId","Category":"","Description":"","Attributes":1,"ValueType":"System.Guid"},"Value":"00000000-0000-0000-0000-000000000000"},{"Key":{"Id":"ParentExecId","Label":"ParentExecId","Category":"","Description":"","Attributes":1,"ValueType":"System.Guid"},"Value":"00000000-0000-0000-0000-000000000000"},{"Key":{"Id":"InnerResultsCount","Label":"InnerResultsCount","Category":"","Description":"","Attributes":1,"ValueType":"System.Int32"},"Value":0}]}],"TestRunStatistics":{"ExecutedTests":9,"Stats":{"Passed":9}},"ActiveTests":[{"Id":"b7dfff10-cc48-d220-b0ef-f7c41ac0cd78","FullyQualifiedName":"TestLab6.Test1.TestMenu25","DisplayName":"TestMenu25","ExecutorUri":"executor://MSTestAdapter/v2","Source":"C:\\Users\\Admin\\source\\repos\\Лаба 6\\TestLab6\\bin\\Debug\\net8.0\\fine-code-coverage\\build-output\\TestLab6.dll","CodeFilePath":null,"LineNumber":-1,"Properties":[{"Key":{"Id":"TestCase.ManagedType","Label":"ManagedType","Category":"","Description":"","Attributes":1,"ValueType":"System.String"},"Value":"TestLab6.Test1"},{"Key":{"Id":"TestCase.ManagedMethod","Label":"ManagedMethod","Category":"","Description":"","Attributes":1,"ValueType":"System.String"},"Value":"TestMenu25"},{"Key":{"Id":"MSTestDiscoverer.TestClassName","Label":"ClassName","Category":"","Description":"","Attributes":1,"ValueType":"System.String"},"Value":"TestLab6.Test1"},{"Key":{"Id":"TestCase.Hierarchy","Label":"Hierarchy","Category":"","Description":"","Attributes":2,"ValueType":"System.String[]"},"Value":[null,"TestLab6","Test1","TestMenu25"]},{"Key":{"Id":"TestObject.Traits","Label":"Признаки","Category":"","Description":"","Attributes":5,"ValueType":"System.Collections.Generic.KeyValuePair`2[[System.String],[System.String]][]"},"Value":[]},{"Key":{"Id":"MSTest.TestIdGenerationStrategy","Label":"TestIdGenerationStrategy","Category":"","Description":"","Attributes":1,"ValueType":"System.Int32"},"Value":2}]}]}}
TpTrace Verbose: 0 : 16616, 7, 2023/12/15, 09:03:26.670, 6825754125, vstest.console.dll, TestRunRequest:SendTestRunStatsChange: Starting.
TpTrace Verbose: 0 : 16616, 7, 2023/12/15, 09:03:26.671, 6825756349, vstest.console.dll, InProgress is TestMenu25
TpTrace Verbose: 0 : 16616, 7, 2023/12/15, 09:03:26.671, 6825759161, vstest.console.dll, MulticastDelegateUtilities.SafeInvoke: TestRun.RunStatsChanged: Invoking callbacks was skipped because there are no subscribers.
TpTrace Information: 0 : 16616, 7, 2023/12/15, 09:03:26.671, 6825759778, vstest.console.dll, TestRunRequest:SendTestRunStatsChange: Completed.
TpTrace Verbose: 0 : 16616, 7, 2023/12/15, 09:03:26.671, 6825760459, vstest.console.dll, MulticastDelegateUtilities.SafeInvoke: LengthPrefixCommunicationChannel: MessageReceived: Invoking callback 1/1 for Microsoft.VisualStudio.TestPlatform.CommunicationUtilities.TestRequestSender+<>c__DisplayClass34_0., took 70 ms.
TpTrace Verbose: 0 : 16616, 7, 2023/12/15, 09:03:26.671, 6825760973, vstest.console.dll, TcpClientExtensions.MessageLoopAsync: Polling on remoteEndPoint: 127.0.0.1:61246 localEndPoint: 127.0.0.1:61245
TpTrace Verbose: 0 : 16616, 7, 2023/12/15, 09:03:26.671, 6825761631, vstest.console.dll, TcpClientExtensions.MessageLoopAsync: NotifyDataAvailable remoteEndPoint: 127.0.0.1:61246 localEndPoint: 127.0.0.1:61245
TpTrace Verbose: 0 : 16616, 7, 2023/12/15, 09:03:26.671, 6825763479, vstest.console.dll, TestRequestSender.OnExecutionMessageReceived: Received message: {"Version":7,"MessageType":"TestExecution.Completed","Payload":{"TestRunCompleteArgs":{"TestRunStatistics":{"ExecutedTests":10,"Stats":{"Passed":10}},"IsCanceled":false,"IsAborted":false,"Error":null,"AttachmentSets":[],"InvokedDataCollectors":[],"ElapsedTimeInRunningTests":"00:00:00.3883587","Metrics":{},"DiscoveredExtensions":{"TestDiscoverers":["Microsoft.VisualStudio.TestPlatform.MSTest.TestAdapter.MSTestDiscoverer, Microsoft.VisualStudio.TestPlatform.MSTest.TestAdapter, Version=14.0.0.0, Culture=neutral, PublicKeyToken=b03f5f7f11d50a3a"],"TestExecutors":["executor://MSTestAdapter/v2"],"TestExecutors2":[],"TestSettingsProviders":["Playwright"]}},"LastRunTests":{"NewTestResults":[{"TestCase":{"Id":"b7dfff10-cc48-d220-b0ef-f7c41ac0cd78","FullyQualifiedName":"TestLab6.Test1.TestMenu25","DisplayName":"TestMenu25","ExecutorUri":"executor://MSTestAdapter/v2","Source":"C:\\Users\\Admin\\source\\repos\\Лаба 6\\TestLab6\\bin\\Debug\\net8.0\\fine-code-coverage\\build-output\\TestLab6.dll","CodeFilePath":null,"LineNumber":-1,"Properties":[{"Key":{"Id":"TestCase.ManagedType","Label":"ManagedType","Category":"","Description":"","Attributes":1,"ValueType":"System.String"},"Value":"TestLab6.Test1"},{"Key":{"Id":"TestCase.ManagedMethod","Label":"ManagedMethod","Category":"","Description":"","Attributes":1,"ValueType":"System.String"},"Value":"TestMenu25"},{"Key":{"Id":"MSTestDiscoverer.TestClassName","Label":"ClassName","Category":"","Description":"","Attributes":1,"ValueType":"System.String"},"Value":"TestLab6.Test1"},{"Key":{"Id":"TestCase.Hierarchy","Label":"Hierarchy","Category":"","Description":"","Attributes":2,"ValueType":"System.String[]"},"Value":[null,"TestLab6","Test1","TestMenu25"]},{"Key":{"Id":"TestObject.Traits","Label":"Признаки","Category":"","Description":"","Attributes":5,"ValueType":"System.Collections.Generic.KeyValuePair`2[[System.String],[System.String]][]"},"Value":[]},{"Key":{"Id":"MSTest.TestIdGenerationStrategy","Label":"TestIdGenerationStrategy","Category":"","Description":"","Attributes":1,"ValueType":"System.Int32"},"Value":2}]},"Attachments":[],"Outcome":1,"ErrorMessage":null,"ErrorStackTrace":null,"DisplayName":"TestMenu25","Messages":[],"ComputerName":"DESKTOP-SADKN36","Duration":"00:00:00.0005312","StartTime":"2023-12-15T09:03:26.603202+05:00","EndTime":"2023-12-15T09:03:26.6056615+05:00","Properties":[{"Key":{"Id":"ExecutionId","Label":"ExecutionId","Category":"","Description":"","Attributes":1,"ValueType":"System.Guid"},"Value":"00000000-0000-0000-0000-000000000000"},{"Key":{"Id":"ParentExecId","Label":"ParentExecId","Category":"","Description":"","Attributes":1,"ValueType":"System.Guid"},"Value":"00000000-0000-0000-0000-000000000000"},{"Key":{"Id":"InnerResultsCount","Label":"InnerResultsCount","Category":"","Description":"","Attributes":1,"ValueType":"System.Int32"},"Value":0}]}],"TestRunStatistics":{"ExecutedTests":10,"Stats":{"Passed":10}},"ActiveTests":[]},"RunAttachments":[],"ExecutorUris":["executor://mstestadapter/v2"]}}
TpTrace Verbose: 0 : 16616, 7, 2023/12/15, 09:03:26.672, 6825765664, vstest.console.dll, TestRequestSender.EndSession: Sending end session.
TpTrace Verbose: 0 : 16616, 7, 2023/12/15, 09:03:26.672, 6825767817, vstest.console.dll, ProxyOperationManager.Close: waiting for test host to exit for 100 ms
TpTrace Verbose: 0 : 16616, 4, 2023/12/15, 09:03:26.675, 6825800528, vstest.console.dll, MulticastDelegateUtilities.SafeInvoke: InternalTestLoggerEvents.SendTestResult: Invoking callback 1/1 for Microsoft.VisualStudio.TestPlatform.CommandLine.Internal.ConsoleLogger., took 4 ms.
TpTrace Verbose: 0 : 16616, 4, 2023/12/15, 09:03:26.676, 6825806520, vstest.console.dll, MulticastDelegateUtilities.SafeInvoke: InternalTestLoggerEvents.SendTestResult: Invoking callback 1/1 for Microsoft.VisualStudio.TestPlatform.CommandLine.Internal.ConsoleLogger., took 0 ms.
TpTrace Verbose: 0 : 16616, 4, 2023/12/15, 09:03:26.676, 6825808201, vstest.console.dll, MulticastDelegateUtilities.SafeInvoke: InternalTestLoggerEvents.SendTestResult: Invoking callback 1/1 for Microsoft.VisualStudio.TestPlatform.CommandLine.Internal.ConsoleLogger., took 0 ms.
TpTrace Verbose: 0 : 16616, 4, 2023/12/15, 09:03:26.676, 6825809293, vstest.console.dll, MulticastDelegateUtilities.SafeInvoke: InternalTestLoggerEvents.SendTestResult: Invoking callback 1/1 for Microsoft.VisualStudio.TestPlatform.CommandLine.Internal.ConsoleLogger., took 0 ms.
TpTrace Verbose: 0 : 16616, 4, 2023/12/15, 09:03:26.676, 6825810806, vstest.console.dll, MulticastDelegateUtilities.SafeInvoke: InternalTestLoggerEvents.SendTestResult: Invoking callback 1/1 for Microsoft.VisualStudio.TestPlatform.CommandLine.Internal.ConsoleLogger., took 0 ms.
TpTrace Verbose: 0 : 16616, 4, 2023/12/15, 09:03:26.676, 6825811765, vstest.console.dll, MulticastDelegateUtilities.SafeInvoke: InternalTestLoggerEvents.SendTestResult: Invoking callback 1/1 for Microsoft.VisualStudio.TestPlatform.CommandLine.Internal.ConsoleLogger., took 0 ms.
TpTrace Verbose: 0 : 16616, 4, 2023/12/15, 09:03:26.676, 6825812412, vstest.console.dll, MulticastDelegateUtilities.SafeInvoke: InternalTestLoggerEvents.SendTestResult: Invoking callback 1/1 for Microsoft.VisualStudio.TestPlatform.CommandLine.Internal.ConsoleLogger., took 0 ms.
TpTrace Verbose: 0 : 16616, 4, 2023/12/15, 09:03:26.676, 6825813017, vstest.console.dll, MulticastDelegateUtilities.SafeInvoke: InternalTestLoggerEvents.SendTestResult: Invoking callback 1/1 for Microsoft.VisualStudio.TestPlatform.CommandLine.Internal.ConsoleLogger., took 0 ms.
TpTrace Verbose: 0 : 16616, 4, 2023/12/15, 09:03:26.676, 6825813686, vstest.console.dll, MulticastDelegateUtilities.SafeInvoke: InternalTestLoggerEvents.SendTestResult: Invoking callback 1/1 for Microsoft.VisualStudio.TestPlatform.CommandLine.Internal.ConsoleLogger., took 0 ms.
TpTrace Verbose: 0 : 16616, 11, 2023/12/15, 09:03:26.713, 6826180529, vstest.console.dll, TestHostManagerCallbacks.ctor: Experimental forwarding output is disabled.
TpTrace Warning: 0 : 16616, 11, 2023/12/15, 09:03:26.713, 6826181983, vstest.console.dll, TestHostManagerCallbacks.ErrorReceivedCallback Test host standard error line: 
TpTrace Verbose: 0 : 16616, 11, 2023/12/15, 09:03:26.722, 6826270136, vstest.console.dll, TestHostProvider.ExitCallBack: Host exited starting callback.
TpTrace Information: 0 : 16616, 11, 2023/12/15, 09:03:26.722, 6826272114, vstest.console.dll, TestHostManagerCallbacks.ExitCallBack: Testhost processId: 14848 exited with exitcode: 0 error: ''
TpTrace Verbose: 0 : 16616, 11, 2023/12/15, 09:03:26.722, 6826272774, vstest.console.dll, DotnetTestHostManager.OnHostExited: invoking OnHostExited callback
TpTrace Verbose: 0 : 16616, 11, 2023/12/15, 09:03:26.722, 6826273592, vstest.console.dll, CrossPlatEngine.TestHostManagerHostExited: calling on client process exit callback.
TpTrace Information: 0 : 16616, 11, 2023/12/15, 09:03:26.723, 6826274354, vstest.console.dll, TestRequestSender.OnClientProcessExit: Test host process exited. Standard error: 
TpTrace Information: 0 : 16616, 7, 2023/12/15, 09:03:26.723, 6826275320, vstest.console.dll, SocketServer.Stop: Stop server endPoint: 127.0.0.1:61245
TpTrace Information: 0 : 16616, 11, 2023/12/15, 09:03:26.723, 6826275914, vstest.console.dll, SocketServer.Stop: Stop server endPoint: 127.0.0.1:61245
TpTrace Information: 0 : 16616, 7, 2023/12/15, 09:03:26.723, 6826276524, vstest.console.dll, SocketServer.Stop: Cancellation requested. Stopping message loop.
TpTrace Information: 0 : 16616, 11, 2023/12/15, 09:03:26.723, 6826277535, vstest.console.dll, SocketServer.Stop: Cancellation requested. Stopping message loop.
TpTrace Verbose: 0 : 16616, 11, 2023/12/15, 09:03:26.723, 6826279805, vstest.console.dll, MulticastDelegateUtilities.SafeInvoke: HostProviderEvents.OnHostExited: Invoking callback 1/1 for Microsoft.VisualStudio.TestPlatform.CrossPlatEngine.Client.ProxyOperationManager., took 0 ms.
TpTrace Information: 0 : 16616, 7, 2023/12/15, 09:03:26.723, 6826280727, vstest.console.dll, Closing the connection
TpTrace Verbose: 0 : 16616, 7, 2023/12/15, 09:03:26.723, 6826284211, vstest.console.dll, ProxyDataCollectionManager.InvokeDataCollectionServiceAction: Starting.
TpTrace Information: 0 : 16616, 7, 2023/12/15, 09:03:26.724, 6826284884, vstest.console.dll, ProxyDataCollectionManager.AfterTestRunEnd: Get attachment set and invoked data collectors processId: 15684 port: 61242
TpTrace Verbose: 0 : 16616, 7, 2023/12/15, 09:03:26.724, 6826285570, vstest.console.dll, DataCollectionRequestSender.SendAfterTestRunStartAndGetResult: Send AfterTestRunEnd message with isCancelled: False
TpTrace Verbose: 0 : 16616, 7, 2023/12/15, 09:03:26.733, 6826379052, vstest.console.dll, DataCollectionRequestSender.SendAfterTestRunStartAndGetResult: Received message: (DataCollection.AfterTestRunEndResult) -> {"MessageType":"DataCollection.AfterTestRunEndResult","Payload":{"AttachmentSets":[],"InvokedDataCollectors":[{"Uri":"datacollector://Microsoft/TestPlatform/Extensions/Blame/v1","FriendlyName":"Blame","AssemblyQualifiedName":"Microsoft.TestPlatform.Extensions.BlameDataCollector.BlameCollector, Microsoft.TestPlatform.Extensions.BlameDataCollector, Version=15.0.0.0, Culture=neutral, PublicKeyToken=b03f5f7f11d50a3a","FilePath":"C:\\Program Files\\dotnet\\sdk\\8.0.100\\Extensions\\Microsoft.TestPlatform.Extensions.BlameDataCollector.dll","HasAttachmentProcessor":false}],"Metrics":{}}}
TpTrace Warning: 0 : 16616, 10, 2023/12/15, 09:03:26.738, 6826434277, vstest.console.dll, DataCollectionLauncher.ErrorReceivedCallback datacollector standard error line: 
TpTrace Information: 0 : 16616, 7, 2023/12/15, 09:03:26.742, 6826468086, vstest.console.dll, ProxyDataCollectionManager.InvokeDataCollectionServiceAction: Completed.
TpTrace Information: 0 : 16616, 10, 2023/12/15, 09:03:26.747, 6826520912, vstest.console.dll, DataCollectionLauncher.ExitCallBack: Data collector exited with exitcode: 0 error: ''
TpTrace Verbose: 0 : 16616, 7, 2023/12/15, 09:03:26.796, 6827006359, vstest.console.dll, TestRunRequest:SendTestRunStatsChange: Starting.
TpTrace Verbose: 0 : 16616, 7, 2023/12/15, 09:03:26.796, 6827007978, vstest.console.dll, MulticastDelegateUtilities.SafeInvoke: TestRun.RunStatsChanged: Invoking callbacks was skipped because there are no subscribers.
TpTrace Information: 0 : 16616, 7, 2023/12/15, 09:03:26.796, 6827008526, vstest.console.dll, TestRunRequest:SendTestRunStatsChange: Completed.
TpTrace Verbose: 0 : 16616, 4, 2023/12/15, 09:03:26.796, 6827009001, vstest.console.dll, MulticastDelegateUtilities.SafeInvoke: InternalTestLoggerEvents.SendTestResult: Invoking callback 1/1 for Microsoft.VisualStudio.TestPlatform.CommandLine.Internal.ConsoleLogger., took 0 ms.
TpTrace Verbose: 0 : 16616, 7, 2023/12/15, 09:03:26.796, 6827012972, vstest.console.dll, ParallelProxyExecutionManager: HandlePartialRunComplete: Total workloads = 1, Total started clients = 1 Total completed clients = 1, Run complete = True, Run canceled: False.
TpTrace Verbose: 0 : 16616, 7, 2023/12/15, 09:03:26.796, 6827013576, vstest.console.dll, ParallelProxyExecutionManager: HandlePartialRunComplete: All runs completed stopping all managers.
TpTrace Verbose: 0 : 16616, 7, 2023/12/15, 09:03:26.796, 6827014165, vstest.console.dll, ParallelOperationManager.StopAllManagers: Stopping all managers.
TpTrace Verbose: 0 : 16616, 7, 2023/12/15, 09:03:26.797, 6827014675, vstest.console.dll, ParallelOperationManager.ClearSlots: Clearing all slots. Slots should accept more work: False
TpTrace Verbose: 0 : 16616, 7, 2023/12/15, 09:03:26.797, 6827015358, vstest.console.dll, ParallelOperationManager.SetOccupiedSlotCount: Setting slot counts AvailableSlotCount = 1, OccupiedSlotCount = 0.
TpTrace Verbose: 0 : 16616, 7, 2023/12/15, 09:03:26.797, 6827016117, vstest.console.dll, Occupied slots:

TpTrace Verbose: 0 : 16616, 4, 2023/12/15, 09:03:26.808, 6827131434, vstest.console.dll, MulticastDelegateUtilities.SafeInvoke: InternalTestLoggerEvents.SendTestRunComplete: Invoking callback 1/2 for Microsoft.TestPlatform.Extensions.BlameDataCollector.BlameLogger., took 0 ms.
TpTrace Verbose: 0 : 16616, 4, 2023/12/15, 09:03:26.816, 6827211638, vstest.console.dll, MulticastDelegateUtilities.SafeInvoke: InternalTestLoggerEvents.SendTestRunComplete: Invoking callback 2/2 for Microsoft.VisualStudio.TestPlatform.CommandLine.Internal.ConsoleLogger., took 7 ms.
TpTrace Verbose: 0 : 16616, 7, 2023/12/15, 09:03:26.817, 6827216035, vstest.console.dll, TestRunRequest:TestRunComplete: Starting. IsAborted:False IsCanceled:False.
TpTrace Verbose: 0 : 16616, 7, 2023/12/15, 09:03:26.817, 6827218279, vstest.console.dll, ParallelOperationManager.DoActionOnAllManagers: Calling an action on all managers.
TpTrace Verbose: 0 : 16616, 7, 2023/12/15, 09:03:26.819, 6827234466, vstest.console.dll, TestLoggerManager.HandleTestRunComplete: Ignoring as the object is disposed.
TpTrace Verbose: 0 : 16616, 7, 2023/12/15, 09:03:26.819, 6827237911, vstest.console.dll, MulticastDelegateUtilities.SafeInvoke: TestRun.TestRunComplete: Invoking callback 1/2 for Microsoft.VisualStudio.TestPlatform.CommandLine.TestRunResultAggregator., took 0 ms.
TpTrace Verbose: 0 : 16616, 7, 2023/12/15, 09:03:26.819, 6827239529, vstest.console.dll, MulticastDelegateUtilities.SafeInvoke: TestRun.TestRunComplete: Invoking callback 2/2 for Microsoft.VisualStudio.TestPlatform.CommandLine.Processors.RunTestsArgumentExecutor+TestRunRequestEventsRegistrar., took 0 ms.
TpTrace Information: 0 : 16616, 7, 2023/12/15, 09:03:26.819, 6827241018, vstest.console.dll, TestRunRequest:TestRunComplete: Completed.
TpTrace Verbose: 0 : 16616, 1, 2023/12/15, 09:03:26.819, 6827241407, vstest.console.dll, TestRunRequest.Dispose: Starting.
TpTrace Verbose: 0 : 16616, 7, 2023/12/15, 09:03:26.819, 6827242679, vstest.console.dll, TestRequestSender.SetOperationComplete: Setting operation complete.
TpTrace Information: 0 : 16616, 1, 2023/12/15, 09:03:26.819, 6827242847, vstest.console.dll, TestRunRequest.Dispose: Completed.
TpTrace Information: 0 : 16616, 7, 2023/12/15, 09:03:26.819, 6827243900, vstest.console.dll, SocketServer.Stop: Stop server endPoint: 127.0.0.1:61245
TpTrace Information: 0 : 16616, 1, 2023/12/15, 09:03:26.820, 6827245096, vstest.console.dll, TestRequestManager.RunTests: run tests completed.
TpTrace Information: 0 : 16616, 7, 2023/12/15, 09:03:26.820, 6827245724, vstest.console.dll, SocketServer.Stop: Cancellation requested. Stopping message loop.
TpTrace Information: 0 : 16616, 1, 2023/12/15, 09:03:26.820, 6827247229, vstest.console.dll, RunTestsArgumentProcessor:Execute: Test run is completed.
TpTrace Verbose: 0 : 16616, 7, 2023/12/15, 09:03:26.820, 6827247935, vstest.console.dll, MulticastDelegateUtilities.SafeInvoke: LengthPrefixCommunicationChannel: MessageReceived: Invoking callback 1/1 for Microsoft.VisualStudio.TestPlatform.CommunicationUtilities.TestRequestSender+<>c__DisplayClass34_0., took 148 ms.
TpTrace Information: 0 : 16616, 7, 2023/12/15, 09:03:26.820, 6827249769, vstest.console.dll, SocketServer.PrivateStop: Stopping server endPoint: 127.0.0.1:61245 error: 
TpTrace Verbose: 0 : 16616, 1, 2023/12/15, 09:03:26.820, 6827251591, vstest.console.dll, Executor.Execute: Exiting with exit code of 0
TpTrace Verbose: 0 : 16616, 7, 2023/12/15, 09:03:26.821, 6827258784, vstest.console.dll, LengthPrefixCommunicationChannel.Dispose: Dispose reader and writer.
